12:28:25.514 [main                     ] DEBUG Logger               - Configured Logger
12:28:25.518 [main                     ] DEBUG GameApplication      - Logging settings
Title: Pong
Version: 1.0
Width: 800
Height: 600
Fullscreen: false
Intro: false
Profiling: false
Single step:false
App Mode: DEVELOPER
Menu Key: ESCAPE
Stage Style: DECORATED
Scene Factory: class com.almasb.fxgl.app.scene.SceneFactory

12:28:26.452 [JavaFX Application Thread] DEBUG FXGLApplication      - Initializing FXGL
12:28:26.463 [JavaFX Application Thread] INFO  Engine               - FXGL-11.17 (16.07.2021 15.46) on WINDOWS (J:16.0.1 FX:16)
12:28:26.464 [JavaFX Application Thread] DEBUG Engine               - JRE Vendor Name: AdoptOpenJDK
12:28:26.464 [JavaFX Application Thread] DEBUG Engine               - Running on OS: Windows 10 version 10.0
12:28:26.465 [JavaFX Application Thread] DEBUG Engine               - Architecture: amd64
12:28:26.465 [JavaFX Application Thread] INFO  Engine               - Source code and latest versions at: https://github.com/AlmasB/FXGL
12:28:26.466 [JavaFX Application Thread] INFO  Engine               -              Join the FXGL chat at: https://gitter.im/AlmasB/FXGL
12:28:26.892 [JavaFX Application Thread] DEBUG PrimaryStageWindow   - Creating a JavaFX scene
12:28:27.023 [JavaFX Application Thread] DEBUG PrimaryStageWindow   - Target settings size: 800.0 x 600.0
12:28:27.024 [JavaFX Application Thread] DEBUG PrimaryStageWindow   - Scaled scene size:    800.0 x 600.0
12:28:27.024 [JavaFX Application Thread] DEBUG PrimaryStageWindow   - Scaled ratio: (1.0, 1.0)
12:28:27.027 [JavaFX Application Thread] DEBUG PrimaryStageWindow   - Set initial scene to FXGLStartupScene
12:28:27.048 [JavaFX Application Thread] DEBUG PrimaryStageWindow   - Opening main window
12:28:27.230 [JavaFX Application Thread] DEBUG PrimaryStageWindow   - Window border size: (16.0, 39.0)
12:28:27.230 [JavaFX Application Thread] DEBUG PrimaryStageWindow   - Scaled size: 800.0 x 600.0
12:28:27.230 [JavaFX Application Thread] DEBUG PrimaryStageWindow   - Scaled ratio: (1.0, 1.0)
12:28:27.231 [JavaFX Application Thread] DEBUG PrimaryStageWindow   - Scene size: 800.0 x 600.0
12:28:27.231 [JavaFX Application Thread] DEBUG PrimaryStageWindow   - Stage size: 816.0 x 639.0
12:28:27.251 [FXGL Background Thread 1 ] DEBUG Engine               - Initializing environment variables
12:28:27.380 [FXGL Background Thread 1 ] DEBUG FXGLAssetLoaderServi - User app class for loading assets: class com.mycompany.multiplayer_pong.MultiplayerPongApp
12:28:27.380 [FXGL Background Thread 1 ] DEBUG GameApplicationServi - Applying CSS: fxgl_dark.css
12:28:27.382 [FXGL Background Thread 1 ] DEBUG FXGLAssetLoaderServi - Loading from file system: jar:file:/C:/Users/1935687/.m2/repository/com/github/almasb/fxgl/11.17/fxgl-11.17.jar!/fxglassets/ui/css/fxgl_dark.css
12:28:27.458 [FXGL Background Thread 1 ] DEBUG GameApplicationServi - Initializing application scenes
12:28:27.544 [FXGL Background Thread 1 ] DEBUG GameWorld            - Game world initialized
12:28:27.665 [FXGL Background Thread 1 ] DEBUG PhysicsWorld         - Physics world initialized: appHeight=600, physics.ppm=50.0
12:28:27.665 [FXGL Background Thread 1 ] DEBUG PhysicsWorld         - Using strategy: BRUTE_FORCE
12:28:27.669 [FXGL Background Thread 1 ] DEBUG GameScene            - Game scene initialized: 800x600
12:28:27.687 [FXGL Background Thread 1 ] DEBUG FXGL.DefaultMenu     - createMenuBodyGameMenu()
12:28:27.727 [FXGL Background Thread 1 ] DEBUG FXGL.DefaultMenu     - createOptionsMenu()
12:28:27.743 [FXGL Background Thread 1 ] DEBUG FXGLAssetLoaderServi - Loading from file system: jar:file:/C:/Users/1935687/.m2/repository/com/github/almasb/fxgl/11.17/fxgl-11.17.jar!/fxglassets/textures/particles/smoke.png
12:28:27.954 [FXGL Background Thread 1 ] DEBUG FXGLAssetLoaderServi - Loading from file system: jar:file:/C:/Users/1935687/.m2/repository/com/github/almasb/fxgl/11.17/fxgl-11.17.jar!/fxglassets/textures/particles/trace_horizontal.png
12:28:27.986 [FXGL Background Thread 1 ] DEBUG GameApplicationServi - Application scenes initialized
12:28:28.011 [FXGL Background Thread 1 ] DEBUG SystemBundleService  - Loading FXGL system data
12:28:28.013 [FXGL Background Thread 1 ] WARN  SystemBundleService  - Failed to load: java.io.FileNotFoundException: H:\datacom_project_2_fxgl\Multiplayer_Pong\src\main\java\com\mycompany\multiplayer_pong\system\fxgl.bundle (The system cannot find the file specified)
12:28:28.013 [FXGL Background Thread 1 ] DEBUG SystemBundleService  - Loading default FXGL system data
12:28:28.015 [FXGL Background Thread 1 ] DEBUG UpdaterService       - Checking for updates
12:28:28.020 [FXGL Background Thread 4 ] DEBUG FXGLApplication      - Loading fonts
12:28:28.021 [FXGL Background Thread 1 ] DEBUG FXGLApplication      - Loading default localization
12:28:28.021 [FXGL Background Thread 4 ] WARN  FXGLAssetLoaderServi - Asset "/assets/ui/fonts/pong.ttf" was not found!
12:28:28.022 [FXGL Background Thread 4 ] WARN  FXGLAssetLoaderServi - Failed to load FONT
12:28:28.022 [FXGL Background Thread 1 ] DEBUG FXGLAssetLoaderServi - Loading from file system: jar:file:/C:/Users/1935687/.m2/repository/com/github/almasb/fxgl/11.17/fxgl-11.17.jar!/fxglassets/languages/english.lang
12:28:28.023 [FXGL Background Thread 4 ] DEBUG FXGLAssetLoaderServi - Loading from file system: jar:file:/C:/Users/1935687/.m2/repository/com/github/almasb/fxgl/11.17/fxgl-11.17.jar!/fxglassets/ui/fonts/Abel-Regular.ttf
12:28:28.051 [FXGL Background Thread 1 ] INFO  FXGLApplication      - FXGL initialization took: 0.800 sec
12:28:28.062 [JavaFX Application Thread] DEBUG Input                - Registered new binding: Up - W
12:28:28.062 [JavaFX Application Thread] DEBUG Input                - Registered new binding: Down - S
12:28:28.063 [JavaFX Application Thread] DEBUG FXGLAssetLoaderServi - Loading from file system: jar:file:/C:/Users/1935687/.m2/repository/com/github/almasb/fxgl/11.17/fxgl-11.17.jar!/fxglassets/textures/fxgl_icon.png
12:28:28.090 [JavaFX Application Thread] DEBUG FXGLAssetLoaderServi - Loading from file system: jar:file:/C:/Users/1935687/.m2/repository/com/github/almasb/fxgl/11.17/fxgl-11.17.jar!/fxglassets/textures/fxgl_default_cursor.png
12:28:28.096 [JavaFX Application Thread] DEBUG Input                - Registered new binding: Screenshot - CTRL+8
12:28:28.098 [JavaFX Application Thread] DEBUG Input                - Registered new binding: System info dump - CTRL+9
12:28:28.099 [FXGL Background Thread 4 ] DEBUG FXGLAssetLoaderServi - Loading from file system: jar:file:/C:/Users/1935687/.m2/repository/com/github/almasb/fxgl/11.17/fxgl-11.17.jar!/fxglassets/ui/fonts/lucida_console.ttf
12:28:28.099 [JavaFX Application Thread] DEBUG Input                - Registered new binding: Restart - CTRL+R
12:28:28.102 [JavaFX Application Thread] DEBUG Input                - Registered new binding: Toggle Debug Camera - CTRL+C
12:28:28.104 [FXGL Background Thread 4 ] DEBUG FXGLAssetLoaderServi - Loading from file system: jar:file:/C:/Users/1935687/.m2/repository/com/github/almasb/fxgl/11.17/fxgl-11.17.jar!/fxglassets/ui/fonts/Courier-Prime.ttf
12:28:28.107 [JavaFX Application Thread] DEBUG LoopRunner           - Starting loop
12:28:28.107 [JavaFX Application Thread] DEBUG LoopRunner           - Initializing JavaFX AnimationTimerLoop
12:28:28.111 [JavaFX Application Thread] DEBUG GameApplicationServi - Starting new game
12:28:28.111 [JavaFX Application Thread] DEBUG Input                - Clearing active input actions
12:28:28.129 [JavaFX Application Thread] DEBUG GameApplicationServi - Removing overlay from FXGLStartupScene and adding to FXGLLoadingScene
12:28:28.129 [JavaFX Application Thread] DEBUG PrimaryStageWindow   - FXGLStartupScene -> FXGLLoadingScene
12:28:28.129 [JavaFX Application Thread] DEBUG GameApplicationServi - Clearing previous game
12:28:28.129 [JavaFX Application Thread] DEBUG GameScene            - Clearing game scene
12:28:28.130 [JavaFX Application Thread] DEBUG GameWorld            - Clearing game world
12:28:28.130 [JavaFX Application Thread] DEBUG PhysicsWorld         - Clearing physics world
12:28:28.132 [FXGL Background Thread 4 ] DEBUG FXGLApplication      - Initializing game
12:28:28.132 [JavaFX Application Thread] DEBUG FXGLApplication      - Registering font factories with UI factory
12:28:28.231 [FXGL Background Thread 4 ] WARN  FXGLAssetLoaderServi - Asset "/assets/ui/main.fxml" was not found!
12:28:28.231 [FXGL Background Thread 4 ] WARN  FXGLAssetLoaderServi - Failed to load UI
12:28:28.233 [FXGL Background Thread 4 ] INFO  FXGLApplication      - Game initialization took: 0.100 sec
12:28:28.245 [JavaFX Application Thread] DEBUG Input                - Clearing active input actions
12:28:28.249 [JavaFX Application Thread] DEBUG GameApplicationServi - Removing overlay from FXGLLoadingScene and adding to GameScene
12:28:28.250 [JavaFX Application Thread] DEBUG PrimaryStageWindow   - FXGLLoadingScene -> GameScene
12:28:28.964 [JavaFX Application Thread] WARN  FXGLAssetLoaderServi - Asset "/assets/sounds/hit_bat.wav" was not found!
12:28:28.964 [JavaFX Application Thread] WARN  FXGLAssetLoaderServi - Failed to load SOUND
12:28:29.318 [JavaFX Application Thread] WARN  FXGLAssetLoaderServi - Asset "/assets/sounds/hit_wall.wav" was not found!
12:28:29.319 [JavaFX Application Thread] WARN  FXGLAssetLoaderServi - Failed to load SOUND
12:28:30.131 [JavaFX Application Thread] WARN  FXGLAssetLoaderServi - Asset "/assets/sounds/hit_bat.wav" was not found!
12:28:30.132 [JavaFX Application Thread] WARN  FXGLAssetLoaderServi - Failed to load SOUND
12:28:31.020 [FXGL Background Thread 3 ] DEBUG Engine               - Logging environment variables
12:28:31.020 [FXGL Background Thread 3 ] DEBUG Engine               - achievements: []
12:28:31.021 [FXGL Background Thread 3 ] DEBUG Engine               - actualHeight: 600.0
12:28:31.021 [FXGL Background Thread 3 ] DEBUG Engine               - actualHeightProperty: ReadOnlyDoubleProperty [value: 600.0]
12:28:31.021 [FXGL Background Thread 3 ] DEBUG Engine               - actualWidth: 800.0
12:28:31.022 [FXGL Background Thread 3 ] DEBUG Engine               - actualWidthProperty: ReadOnlyDoubleProperty [value: 800.0]
12:28:31.022 [FXGL Background Thread 3 ] DEBUG Engine               - appIcon: fxgl_icon.png
12:28:31.023 [FXGL Background Thread 3 ] DEBUG Engine               - applicationMode: DEVELOPER
12:28:31.023 [FXGL Background Thread 3 ] DEBUG Engine               - cSSList: [fxgl_dark.css]
12:28:31.023 [FXGL Background Thread 3 ] DEBUG Engine               - collisionDetectionStrategy: BRUTE_FORCE
12:28:31.024 [FXGL Background Thread 3 ] DEBUG Engine               - configClass: Optional.empty
12:28:31.024 [FXGL Background Thread 3 ] DEBUG Engine               - credits: []
12:28:31.024 [FXGL Background Thread 3 ] DEBUG Engine               - defaultCursor: CursorInfo(imageName=fxgl_default_cursor.png, hotspotX=7.0, hotspotY=6.0)
12:28:31.025 [FXGL Background Thread 3 ] DEBUG Engine               - devBBoxColorProperty: ObjectProperty [value: 0xff0000ff]
12:28:31.025 [FXGL Background Thread 3 ] DEBUG Engine               - devEnableDebugCameraProperty: BooleanProperty [value: false]
12:28:31.026 [FXGL Background Thread 3 ] DEBUG Engine               - devSensorColorProperty: ObjectProperty [value: 0xffff00ff]
12:28:31.026 [FXGL Background Thread 3 ] DEBUG Engine               - devShowBBoxProperty: BooleanProperty [value: false]
12:28:31.027 [FXGL Background Thread 3 ] DEBUG Engine               - devShowPositionProperty: BooleanProperty [value: false]
12:28:31.027 [FXGL Background Thread 3 ] DEBUG Engine               - enabledMenuItems: []
12:28:31.027 [FXGL Background Thread 3 ] DEBUG Engine               - engineServices: [class com.almasb.fxgl.app.services.FXGLAssetLoaderService, class com.almasb.fxgl.app.FXGLApplication$GameApplicationService, class com.almasb.fxgl.app.services.FXGLDialogService, class com.almasb.fxgl.app.services.IOTaskExecutorService, class com.almasb.fxgl.io.FileSystemService, class com.almasb.fxgl.localization.LocalizationService, class com.almasb.fxgl.app.services.SystemBundleService, class com.almasb.fxgl.profile.SaveLoadService, class com.almasb.fxgl.ui.FXGLUIFactoryServiceProvider, class com.almasb.fxgl.ui.FXGLDialogFactoryServiceProvider, class com.almasb.fxgl.audio.AudioPlayer, class com.almasb.fxgl.notification.impl.NotificationServiceProvider, class com.almasb.fxgl.achievement.AchievementService, class com.almasb.fxgl.cutscene.CutsceneService, class com.almasb.fxgl.minigames.MiniGameService, class com.almasb.fxgl.net.NetService, class com.almasb.fxgl.app.services.UpdaterService, class com.almasb.fxgl.dev.DevService]
12:28:31.027 [FXGL Background Thread 3 ] DEBUG Engine               - fontGame: Abel-Regular.ttf
12:28:31.027 [FXGL Background Thread 3 ] DEBUG Engine               - fontMono: lucida_console.ttf
12:28:31.028 [FXGL Background Thread 3 ] DEBUG Engine               - fontText: Courier-Prime.ttf
12:28:31.028 [FXGL Background Thread 3 ] DEBUG Engine               - fontUI: pong.ttf
12:28:31.028 [FXGL Background Thread 3 ] DEBUG Engine               - fullScreen: BooleanProperty [value: false]
12:28:31.028 [FXGL Background Thread 3 ] DEBUG Engine               - gameDifficulty: MEDIUM
12:28:31.029 [FXGL Background Thread 3 ] DEBUG Engine               - gameDifficultyProperty: ObjectProperty [value: MEDIUM]
12:28:31.029 [FXGL Background Thread 3 ] DEBUG Engine               - globalMusicVolume: 0.5
12:28:31.029 [FXGL Background Thread 3 ] DEBUG Engine               - globalMusicVolumeProperty: DoubleProperty [value: 0.5]
12:28:31.030 [FXGL Background Thread 3 ] DEBUG Engine               - globalSoundVolume: 0.5
12:28:31.030 [FXGL Background Thread 3 ] DEBUG Engine               - globalSoundVolumeProperty: DoubleProperty [value: 0.5]
12:28:31.030 [FXGL Background Thread 3 ] DEBUG Engine               - height: 600
12:28:31.030 [FXGL Background Thread 3 ] DEBUG Engine               - is3D: false
12:28:31.030 [FXGL Background Thread 3 ] DEBUG Engine               - isAndroid: false
12:28:31.031 [FXGL Background Thread 3 ] DEBUG Engine               - isBrowser: false
12:28:31.031 [FXGL Background Thread 3 ] DEBUG Engine               - isClickFeedbackEnabled: false
12:28:31.031 [FXGL Background Thread 3 ] DEBUG Engine               - isCloseConfirmation: false
12:28:31.031 [FXGL Background Thread 3 ] DEBUG Engine               - isDesktop: true
12:28:31.031 [FXGL Background Thread 3 ] DEBUG Engine               - isDeveloperMenuEnabled: false
12:28:31.031 [FXGL Background Thread 3 ] DEBUG Engine               - isEntityPreloadEnabled: true
12:28:31.032 [FXGL Background Thread 3 ] DEBUG Engine               - isExperimentalTiledLargeMap: false
12:28:31.032 [FXGL Background Thread 3 ] DEBUG Engine               - isFileSystemWriteAllowed: true
12:28:31.032 [FXGL Background Thread 3 ] DEBUG Engine               - isFullScreenAllowed: false
12:28:31.032 [FXGL Background Thread 3 ] DEBUG Engine               - isFullScreenFromStart: false
12:28:31.032 [FXGL Background Thread 3 ] DEBUG Engine               - isGameMenuEnabled: true
12:28:31.033 [FXGL Background Thread 3 ] DEBUG Engine               - isIOS: false
12:28:31.033 [FXGL Background Thread 3 ] DEBUG Engine               - isIntroEnabled: false
12:28:31.033 [FXGL Background Thread 3 ] DEBUG Engine               - isLinux: false
12:28:31.033 [FXGL Background Thread 3 ] DEBUG Engine               - isMac: false
12:28:31.033 [FXGL Background Thread 3 ] DEBUG Engine               - isMainMenuEnabled: false
12:28:31.034 [FXGL Background Thread 3 ] DEBUG Engine               - isManualResizeEnabled: false
12:28:31.034 [FXGL Background Thread 3 ] DEBUG Engine               - isMobile: false
12:28:31.034 [FXGL Background Thread 3 ] DEBUG Engine               - isNative: false
12:28:31.034 [FXGL Background Thread 3 ] DEBUG Engine               - isPauseMusicWhenMinimized: true
12:28:31.034 [FXGL Background Thread 3 ] DEBUG Engine               - isPreserveResizeRatio: false
12:28:31.034 [FXGL Background Thread 3 ] DEBUG Engine               - isProfilingEnabled: false
12:28:31.035 [FXGL Background Thread 3 ] DEBUG Engine               - isScaleAffectedOnResize: true
12:28:31.035 [FXGL Background Thread 3 ] DEBUG Engine               - isSingleStep: false
12:28:31.035 [FXGL Background Thread 3 ] DEBUG Engine               - isUserProfileEnabled: false
12:28:31.035 [FXGL Background Thread 3 ] DEBUG Engine               - isWindows: true
12:28:31.035 [FXGL Background Thread 3 ] DEBUG Engine               - language: ObjectProperty [value: ENGLISH]
12:28:31.036 [FXGL Background Thread 3 ] DEBUG Engine               - menuKey: ESCAPE
12:28:31.036 [FXGL Background Thread 3 ] DEBUG Engine               - mouseSensitivity: 0.2
12:28:31.036 [FXGL Background Thread 3 ] DEBUG Engine               - notificationViewClass: class com.almasb.fxgl.notification.view.XboxNotificationView
12:28:31.036 [FXGL Background Thread 3 ] DEBUG Engine               - pixelsPerMeter: 50.0
12:28:31.036 [FXGL Background Thread 3 ] DEBUG Engine               - platform: WINDOWS
12:28:31.036 [FXGL Background Thread 3 ] DEBUG Engine               - prefHeightProperty: ReadOnlyDoubleProperty [value: 600.0]
12:28:31.036 [FXGL Background Thread 3 ] DEBUG Engine               - prefWidthProperty: ReadOnlyDoubleProperty [value: 800.0]
12:28:31.037 [FXGL Background Thread 3 ] DEBUG Engine               - profileDir: profiles/
12:28:31.037 [FXGL Background Thread 3 ] DEBUG Engine               - profileName: StringProperty [value: DEFAULT]
12:28:31.037 [FXGL Background Thread 3 ] DEBUG Engine               - randomSeed: -1
12:28:31.037 [FXGL Background Thread 3 ] DEBUG Engine               - runtimeInfo: RuntimeInfo(platform=WINDOWS, version=11.17, build=16.07.2021 15.46)
12:28:31.037 [FXGL Background Thread 3 ] DEBUG Engine               - saveFileExt: sav
12:28:31.037 [FXGL Background Thread 3 ] DEBUG Engine               - scaledHeightProp$fxgl: DoubleProperty [bound, value: 600.0]
12:28:31.037 [FXGL Background Thread 3 ] DEBUG Engine               - scaledWidthProp$fxgl: DoubleProperty [bound, value: 800.0]
12:28:31.038 [FXGL Background Thread 3 ] DEBUG Engine               - sceneFactory: com.almasb.fxgl.app.scene.SceneFactory@2c04079e
12:28:31.038 [FXGL Background Thread 3 ] DEBUG Engine               - secondsIn24h: 60
12:28:31.038 [FXGL Background Thread 3 ] DEBUG Engine               - soundMenuBack: menu/back.wav
12:28:31.038 [FXGL Background Thread 3 ] DEBUG Engine               - soundMenuPress: menu/press.wav
12:28:31.038 [FXGL Background Thread 3 ] DEBUG Engine               - soundMenuSelect: menu/select.wav
12:28:31.039 [FXGL Background Thread 3 ] DEBUG Engine               - soundNotification: core/notification.wav
12:28:31.039 [FXGL Background Thread 3 ] DEBUG Engine               - stageStyle: DECORATED
12:28:31.039 [FXGL Background Thread 3 ] DEBUG Engine               - supportedLanguages: [ENGLISH, FRENCH, GERMAN, HUNGARIAN, RUSSIAN]
12:28:31.039 [FXGL Background Thread 3 ] DEBUG Engine               - ticksPerSecond: -1
12:28:31.039 [FXGL Background Thread 3 ] DEBUG Engine               - title: Pong
12:28:31.039 [FXGL Background Thread 3 ] DEBUG Engine               - urlGithub: https://github.com/AlmasB/FXGL
12:28:31.039 [FXGL Background Thread 3 ] DEBUG Engine               - urlLeaderboard: http://fxgl-top.herokuapp.com/
12:28:31.040 [FXGL Background Thread 3 ] DEBUG Engine               - urlPOM: https://raw.githubusercontent.com/AlmasB/FXGL/release/README.md
12:28:31.040 [FXGL Background Thread 3 ] DEBUG Engine               - userAppClass: class com.mycompany.multiplayer_pong.MultiplayerPongApp
12:28:31.040 [FXGL Background Thread 3 ] DEBUG Engine               - version: 1.0
12:28:31.040 [FXGL Background Thread 3 ] DEBUG Engine               - versionCheckDays: 7
12:28:31.040 [FXGL Background Thread 3 ] DEBUG Engine               - width: 800
12:28:31.040 [FXGL Background Thread 3 ] DEBUG Engine               - Logging services
12:28:31.041 [FXGL Background Thread 3 ] DEBUG Engine               - class com.almasb.fxgl.app.services.FXGLAssetLoaderService
12:28:31.041 [FXGL Background Thread 3 ] DEBUG Engine               - class com.almasb.fxgl.app.FXGLApplication$GameApplicationService
12:28:31.041 [FXGL Background Thread 3 ] DEBUG Engine               - class com.almasb.fxgl.app.services.FXGLDialogService
12:28:31.041 [FXGL Background Thread 3 ] DEBUG Engine               - class com.almasb.fxgl.app.services.IOTaskExecutorService
12:28:31.041 [FXGL Background Thread 3 ] DEBUG Engine               - class com.almasb.fxgl.io.FileSystemService
12:28:31.041 [FXGL Background Thread 3 ] DEBUG Engine               - class com.almasb.fxgl.localization.LocalizationService
12:28:31.041 [FXGL Background Thread 3 ] DEBUG Engine               - class com.almasb.fxgl.app.services.SystemBundleService
12:28:31.042 [FXGL Background Thread 3 ] DEBUG Engine               - class com.almasb.fxgl.profile.SaveLoadService
12:28:31.042 [FXGL Background Thread 3 ] DEBUG Engine               - class com.almasb.fxgl.ui.FXGLUIFactoryServiceProvider
12:28:31.042 [FXGL Background Thread 3 ] DEBUG Engine               - class com.almasb.fxgl.ui.FXGLDialogFactoryServiceProvider
12:28:31.042 [FXGL Background Thread 3 ] DEBUG Engine               - class com.almasb.fxgl.audio.AudioPlayer
12:28:31.042 [FXGL Background Thread 3 ] DEBUG Engine               - class com.almasb.fxgl.notification.impl.NotificationServiceProvider
12:28:31.042 [FXGL Background Thread 3 ] DEBUG Engine               - class com.almasb.fxgl.achievement.AchievementService
12:28:31.042 [FXGL Background Thread 3 ] DEBUG Engine               - class com.almasb.fxgl.cutscene.CutsceneService
12:28:31.043 [FXGL Background Thread 3 ] DEBUG Engine               - class com.almasb.fxgl.minigames.MiniGameService
12:28:31.043 [FXGL Background Thread 3 ] DEBUG Engine               - class com.almasb.fxgl.net.NetService
12:28:31.043 [FXGL Background Thread 3 ] DEBUG Engine               - class com.almasb.fxgl.app.services.UpdaterService
12:28:31.044 [FXGL Background Thread 3 ] DEBUG Engine               - class com.almasb.fxgl.dev.DevService
12:28:31.123 [JavaFX Application Thread] WARN  FXGLAssetLoaderServi - Asset "/assets/sounds/hit_wall.wav" was not found!
12:28:31.124 [JavaFX Application Thread] WARN  FXGLAssetLoaderServi - Failed to load SOUND
12:28:31.187 [JavaFX Application Thread] WARN  FXGLAssetLoaderServi - Asset "/assets/sounds/hit_bat.wav" was not found!
12:28:31.187 [JavaFX Application Thread] WARN  FXGLAssetLoaderServi - Failed to load SOUND
12:28:32.979 [JavaFX Application Thread] WARN  FXGLAssetLoaderServi - Asset "/assets/sounds/hit_wall.wav" was not found!
12:28:32.980 [JavaFX Application Thread] WARN  FXGLAssetLoaderServi - Failed to load SOUND
12:28:33.122 [JavaFX Application Thread] WARN  FXGLAssetLoaderServi - Asset "/assets/sounds/hit_wall.wav" was not found!
12:28:33.123 [JavaFX Application Thread] WARN  FXGLAssetLoaderServi - Failed to load SOUND
12:28:34.884 [JavaFX Application Thread] WARN  FXGLAssetLoaderServi - Asset "/assets/sounds/hit_bat.wav" was not found!
12:28:34.884 [JavaFX Application Thread] WARN  FXGLAssetLoaderServi - Failed to load SOUND
12:28:36.788 [JavaFX Application Thread] WARN  FXGLAssetLoaderServi - Asset "/assets/sounds/hit_wall.wav" was not found!
12:28:36.788 [JavaFX Application Thread] WARN  FXGLAssetLoaderServi - Failed to load SOUND
12:28:37.859 [JavaFX Application Thread] WARN  FXGLAssetLoaderServi - Asset "/assets/sounds/hit_wall.wav" was not found!
12:28:37.859 [JavaFX Application Thread] WARN  FXGLAssetLoaderServi - Failed to load SOUND
12:28:38.691 [JavaFX Application Thread] WARN  FXGLAssetLoaderServi - Asset "/assets/sounds/hit_bat.wav" was not found!
12:28:38.691 [JavaFX Application Thread] WARN  FXGLAssetLoaderServi - Failed to load SOUND
12:28:40.579 [JavaFX Application Thread] WARN  FXGLAssetLoaderServi - Asset "/assets/sounds/hit_wall.wav" was not found!
12:28:40.579 [JavaFX Application Thread] WARN  FXGLAssetLoaderServi - Failed to load SOUND
12:28:42.484 [JavaFX Application Thread] WARN  FXGLAssetLoaderServi - Asset "/assets/sounds/hit_bat.wav" was not found!
12:28:42.485 [JavaFX Application Thread] WARN  FXGLAssetLoaderServi - Failed to load SOUND
12:28:44.389 [JavaFX Application Thread] WARN  FXGLAssetLoaderServi - Asset "/assets/sounds/hit_wall.wav" was not found!
12:28:44.389 [JavaFX Application Thread] WARN  FXGLAssetLoaderServi - Failed to load SOUND
12:28:45.011 [JavaFX Application Thread] WARN  FXGLAssetLoaderServi - Asset "/assets/sounds/hit_bat.wav" was not found!
12:28:45.011 [JavaFX Application Thread] WARN  FXGLAssetLoaderServi - Failed to load SOUND
12:28:45.651 [JavaFX Application Thread] WARN  FXGLAssetLoaderServi - Asset "/assets/sounds/hit_wall.wav" was not found!
12:28:45.651 [JavaFX Application Thread] WARN  FXGLAssetLoaderServi - Failed to load SOUND
12:28:47.556 [JavaFX Application Thread] WARN  FXGLAssetLoaderServi - Asset "/assets/sounds/hit_bat.wav" was not found!
12:28:47.556 [JavaFX Application Thread] WARN  FXGLAssetLoaderServi - Failed to load SOUND
12:28:48.723 [JavaFX Application Thread] WARN  FXGLAssetLoaderServi - Asset "/assets/sounds/hit_bat.wav" was not found!
12:28:48.723 [JavaFX Application Thread] WARN  FXGLAssetLoaderServi - Failed to load SOUND
12:28:49.492 [JavaFX Application Thread] WARN  FXGLAssetLoaderServi - Asset "/assets/sounds/hit_wall.wav" was not found!
12:28:49.492 [JavaFX Application Thread] WARN  FXGLAssetLoaderServi - Failed to load SOUND
12:28:49.891 [JavaFX Application Thread] WARN  FXGLAssetLoaderServi - Asset "/assets/sounds/hit_bat.wav" was not found!
12:28:49.891 [JavaFX Application Thread] WARN  FXGLAssetLoaderServi - Failed to load SOUND
12:28:51.060 [JavaFX Application Thread] WARN  FXGLAssetLoaderServi - Asset "/assets/sounds/hit_bat.wav" was not found!
12:28:51.060 [JavaFX Application Thread] WARN  FXGLAssetLoaderServi - Failed to load SOUND
12:28:52.211 [JavaFX Application Thread] WARN  FXGLAssetLoaderServi - Asset "/assets/sounds/hit_bat.wav" was not found!
12:28:52.212 [JavaFX Application Thread] WARN  FXGLAssetLoaderServi - Failed to load SOUND
12:28:53.381 [JavaFX Application Thread] WARN  FXGLAssetLoaderServi - Asset "/assets/sounds/hit_bat.wav" was not found!
12:28:53.381 [JavaFX Application Thread] WARN  FXGLAssetLoaderServi - Failed to load SOUND
12:28:53.877 [JavaFX Application Thread] WARN  FXGLAssetLoaderServi - Asset "/assets/sounds/hit_wall.wav" was not found!
12:28:53.877 [JavaFX Application Thread] WARN  FXGLAssetLoaderServi - Failed to load SOUND
12:28:54.547 [JavaFX Application Thread] WARN  FXGLAssetLoaderServi - Asset "/assets/sounds/hit_bat.wav" was not found!
12:28:54.548 [JavaFX Application Thread] WARN  FXGLAssetLoaderServi - Failed to load SOUND
12:28:55.556 [JavaFX Application Thread] WARN  FXGLAssetLoaderServi - Asset "/assets/sounds/hit_wall.wav" was not found!
12:28:55.557 [JavaFX Application Thread] WARN  FXGLAssetLoaderServi - Failed to load SOUND
12:28:55.715 [JavaFX Application Thread] WARN  FXGLAssetLoaderServi - Asset "/assets/sounds/hit_bat.wav" was not found!
12:28:55.715 [JavaFX Application Thread] WARN  FXGLAssetLoaderServi - Failed to load SOUND
12:28:56.932 [JavaFX Application Thread] WARN  FXGLAssetLoaderServi - Asset "/assets/sounds/hit_wall.wav" was not found!
12:28:56.932 [JavaFX Application Thread] WARN  FXGLAssetLoaderServi - Failed to load SOUND
12:28:57.619 [JavaFX Application Thread] WARN  FXGLAssetLoaderServi - Asset "/assets/sounds/hit_wall.wav" was not found!
12:28:57.619 [JavaFX Application Thread] WARN  FXGLAssetLoaderServi - Failed to load SOUND
12:28:58.259 [JavaFX Application Thread] WARN  FXGLAssetLoaderServi - Asset "/assets/sounds/hit_bat.wav" was not found!
12:28:58.260 [JavaFX Application Thread] WARN  FXGLAssetLoaderServi - Failed to load SOUND
12:28:59.651 [JavaFX Application Thread] WARN  FXGLAssetLoaderServi - Asset "/assets/sounds/hit_wall.wav" was not found!
12:28:59.651 [JavaFX Application Thread] WARN  FXGLAssetLoaderServi - Failed to load SOUND
12:29:00.052 [JavaFX Application Thread] WARN  FXGLAssetLoaderServi - Asset "/assets/sounds/hit_wall.wav" was not found!
12:29:00.052 [JavaFX Application Thread] WARN  FXGLAssetLoaderServi - Failed to load SOUND
12:29:01.732 [JavaFX Application Thread] WARN  FXGLAssetLoaderServi - Asset "/assets/sounds/hit_wall.wav" was not found!
12:29:01.733 [JavaFX Application Thread] WARN  FXGLAssetLoaderServi - Failed to load SOUND
12:29:01.956 [JavaFX Application Thread] WARN  FXGLAssetLoaderServi - Asset "/assets/sounds/hit_bat.wav" was not found!
12:29:01.957 [JavaFX Application Thread] WARN  FXGLAssetLoaderServi - Failed to load SOUND
12:29:03.364 [JavaFX Application Thread] WARN  FXGLAssetLoaderServi - Asset "/assets/sounds/hit_wall.wav" was not found!
12:29:03.365 [JavaFX Application Thread] WARN  FXGLAssetLoaderServi - Failed to load SOUND
12:29:03.859 [JavaFX Application Thread] WARN  FXGLAssetLoaderServi - Asset "/assets/sounds/hit_wall.wav" was not found!
12:29:03.860 [JavaFX Application Thread] WARN  FXGLAssetLoaderServi - Failed to load SOUND
12:29:05.123 [JavaFX Application Thread] WARN  FXGLAssetLoaderServi - Asset "/assets/sounds/hit_wall.wav" was not found!
12:29:05.124 [JavaFX Application Thread] WARN  FXGLAssetLoaderServi - Failed to load SOUND
12:29:05.731 [JavaFX Application Thread] WARN  FXGLAssetLoaderServi - Asset "/assets/sounds/hit_bat.wav" was not found!
12:29:05.731 [JavaFX Application Thread] WARN  FXGLAssetLoaderServi - Failed to load SOUND
12:29:06.883 [JavaFX Application Thread] WARN  FXGLAssetLoaderServi - Asset "/assets/sounds/hit_bat.wav" was not found!
12:29:06.883 [JavaFX Application Thread] WARN  FXGLAssetLoaderServi - Failed to load SOUND
12:29:06.996 [JavaFX Application Thread] WARN  FXGLAssetLoaderServi - Asset "/assets/sounds/hit_wall.wav" was not found!
12:29:06.997 [JavaFX Application Thread] WARN  FXGLAssetLoaderServi - Failed to load SOUND
12:29:08.052 [JavaFX Application Thread] WARN  FXGLAssetLoaderServi - Asset "/assets/sounds/hit_bat.wav" was not found!
12:29:08.053 [JavaFX Application Thread] WARN  FXGLAssetLoaderServi - Failed to load SOUND
12:29:09.220 [JavaFX Application Thread] WARN  FXGLAssetLoaderServi - Asset "/assets/sounds/hit_bat.wav" was not found!
12:29:09.220 [JavaFX Application Thread] WARN  FXGLAssetLoaderServi - Failed to load SOUND
12:29:10.403 [JavaFX Application Thread] WARN  FXGLAssetLoaderServi - Asset "/assets/sounds/hit_bat.wav" was not found!
12:29:10.403 [JavaFX Application Thread] WARN  FXGLAssetLoaderServi - Failed to load SOUND
12:29:10.531 [JavaFX Application Thread] WARN  FXGLAssetLoaderServi - Asset "/assets/sounds/hit_wall.wav" was not found!
12:29:10.531 [JavaFX Application Thread] WARN  FXGLAssetLoaderServi - Failed to load SOUND
12:29:12.308 [JavaFX Application Thread] WARN  FXGLAssetLoaderServi - Asset "/assets/sounds/hit_wall.wav" was not found!
12:29:12.308 [JavaFX Application Thread] WARN  FXGLAssetLoaderServi - Failed to load SOUND
12:29:12.451 [JavaFX Application Thread] WARN  FXGLAssetLoaderServi - Asset "/assets/sounds/hit_wall.wav" was not found!
12:29:12.451 [JavaFX Application Thread] WARN  FXGLAssetLoaderServi - Failed to load SOUND
12:29:13.043 [JavaFX Application Thread] WARN  FXGLAssetLoaderServi - Asset "/assets/sounds/hit_bat.wav" was not found!
12:29:13.043 [JavaFX Application Thread] WARN  FXGLAssetLoaderServi - Failed to load SOUND
12:29:13.299 [JavaFX Application Thread] WARN  FXGLAssetLoaderServi - Asset "/assets/sounds/hit_wall.wav" was not found!
12:29:13.299 [JavaFX Application Thread] WARN  FXGLAssetLoaderServi - Failed to load SOUND
12:29:14.339 [JavaFX Application Thread] WARN  FXGLAssetLoaderServi - Asset "/assets/sounds/hit_wall.wav" was not found!
12:29:14.340 [JavaFX Application Thread] WARN  FXGLAssetLoaderServi - Failed to load SOUND
12:29:14.468 [JavaFX Application Thread] WARN  FXGLAssetLoaderServi - Asset "/assets/sounds/hit_wall.wav" was not found!
12:29:14.468 [JavaFX Application Thread] WARN  FXGLAssetLoaderServi - Failed to load SOUND
12:29:15.731 [JavaFX Application Thread] WARN  FXGLAssetLoaderServi - Asset "/assets/sounds/hit_wall.wav" was not found!
12:29:15.731 [JavaFX Application Thread] WARN  FXGLAssetLoaderServi - Failed to load SOUND
12:29:16.435 [JavaFX Application Thread] WARN  FXGLAssetLoaderServi - Asset "/assets/sounds/hit_wall.wav" was not found!
12:29:16.435 [JavaFX Application Thread] WARN  FXGLAssetLoaderServi - Failed to load SOUND
12:29:17.203 [JavaFX Application Thread] WARN  FXGLAssetLoaderServi - Asset "/assets/sounds/hit_wall.wav" was not found!
12:29:17.203 [JavaFX Application Thread] WARN  FXGLAssetLoaderServi - Failed to load SOUND
12:29:18.341 [JavaFX Application Thread] WARN  FXGLAssetLoaderServi - Asset "/assets/sounds/hit_bat.wav" was not found!
12:29:18.341 [JavaFX Application Thread] WARN  FXGLAssetLoaderServi - Failed to load SOUND
12:29:18.981 [JavaFX Application Thread] WARN  FXGLAssetLoaderServi - Asset "/assets/sounds/hit_wall.wav" was not found!
12:29:18.981 [JavaFX Application Thread] WARN  FXGLAssetLoaderServi - Failed to load SOUND
12:29:19.491 [JavaFX Application Thread] WARN  FXGLAssetLoaderServi - Asset "/assets/sounds/hit_bat.wav" was not found!
12:29:19.492 [JavaFX Application Thread] WARN  FXGLAssetLoaderServi - Failed to load SOUND
12:29:20.611 [JavaFX Application Thread] WARN  FXGLAssetLoaderServi - Asset "/assets/sounds/hit_bat.wav" was not found!
12:29:20.611 [JavaFX Application Thread] WARN  FXGLAssetLoaderServi - Failed to load SOUND
12:29:22.468 [JavaFX Application Thread] WARN  FXGLAssetLoaderServi - Asset "/assets/sounds/hit_wall.wav" was not found!
12:29:22.468 [JavaFX Application Thread] WARN  FXGLAssetLoaderServi - Failed to load SOUND
12:29:22.643 [JavaFX Application Thread] WARN  FXGLAssetLoaderServi - Asset "/assets/sounds/hit_wall.wav" was not found!
12:29:22.643 [JavaFX Application Thread] WARN  FXGLAssetLoaderServi - Failed to load SOUND
12:29:23.108 [JavaFX Application Thread] WARN  FXGLAssetLoaderServi - Asset "/assets/sounds/hit_bat.wav" was not found!
12:29:23.108 [JavaFX Application Thread] WARN  FXGLAssetLoaderServi - Failed to load SOUND
12:29:23.738 [JavaFX Application Thread] DEBUG PrimaryStageWindow   - Push state: DialogSubScene
12:29:23.738 [JavaFX Application Thread] DEBUG Input                - Clearing active input actions
12:29:23.758 [JavaFX Application Thread] DEBUG GameApplicationServi - Removing overlay from GameScene and adding to DialogSubScene
12:29:23.759 [JavaFX Application Thread] DEBUG PrimaryStageWindow   - GameScene -> DialogSubScene
12:29:23.760 [JavaFX Application Thread] WARN  FXGLAssetLoaderServi - Asset "/assets/sounds/hit_wall.wav" was not found!
12:29:23.761 [JavaFX Application Thread] WARN  FXGLAssetLoaderServi - Failed to load SOUND
12:29:27.775 [JavaFX Application Thread] DEBUG PrimaryStageWindow   - Pop state: DialogSubScene
12:29:27.775 [JavaFX Application Thread] DEBUG Input                - Clearing active input actions
12:29:27.776 [JavaFX Application Thread] DEBUG GameApplicationServi - Removing overlay from DialogSubScene and adding to GameScene
12:29:27.777 [JavaFX Application Thread] DEBUG PrimaryStageWindow   - GameScene <- DialogSubScene
12:29:27.777 [JavaFX Application Thread] DEBUG FXGLApplication      - Exiting FXGL
12:29:27.777 [JavaFX Application Thread] DEBUG LoopRunner           - Stopping loop
12:29:27.777 [JavaFX Application Thread] DEBUG SystemBundleService  - Saving FXGL system data
12:29:27.782 [JavaFX Application Thread] DEBUG FileSystemAccess     - Writing to: H:\datacom_project_2_fxgl\Multiplayer_Pong\src\main\java\com\mycompany\multiplayer_pong\system\fxgl.bundle
12:29:27.793 [JavaFX Application Thread] DEBUG Async                - Shutting down background threads
12:29:27.793 [JavaFX Application Thread] DEBUG PrimaryStageWindow   - Closing main window
12:29:27.808 [JavaFX Application Thread] DEBUG Logger               - Closing Logger
