12:41:25.065 [main                     ] DEBUG Logger               - Configured Logger
12:41:25.071 [main                     ] DEBUG GameApplication      - Logging settings
Title: Pong
Version: 1.0
Width: 800
Height: 600
Fullscreen: false
Intro: false
Profiling: false
Single step:false
App Mode: DEVELOPER
Menu Key: ESCAPE
Stage Style: DECORATED
Scene Factory: class com.almasb.fxgl.app.scene.SceneFactory

12:41:25.949 [JavaFX Application Thread] DEBUG FXGLApplication      - Initializing FXGL
12:41:25.953 [JavaFX Application Thread] INFO  Engine               - FXGL-11.17 (16.07.2021 15.46) on WINDOWS (J:16.0.1 FX:16)
12:41:25.954 [JavaFX Application Thread] DEBUG Engine               - JRE Vendor Name: AdoptOpenJDK
12:41:25.954 [JavaFX Application Thread] DEBUG Engine               - Running on OS: Windows 10 version 10.0
12:41:25.954 [JavaFX Application Thread] DEBUG Engine               - Architecture: amd64
12:41:25.954 [JavaFX Application Thread] INFO  Engine               - Source code and latest versions at: https://github.com/AlmasB/FXGL
12:41:25.954 [JavaFX Application Thread] INFO  Engine               -              Join the FXGL chat at: https://gitter.im/AlmasB/FXGL
12:41:26.432 [JavaFX Application Thread] DEBUG PrimaryStageWindow   - Creating a JavaFX scene
12:41:26.617 [JavaFX Application Thread] DEBUG PrimaryStageWindow   - Target settings size: 800.0 x 600.0
12:41:26.617 [JavaFX Application Thread] DEBUG PrimaryStageWindow   - Scaled scene size:    800.0 x 600.0
12:41:26.618 [JavaFX Application Thread] DEBUG PrimaryStageWindow   - Scaled ratio: (1.0, 1.0)
12:41:26.621 [JavaFX Application Thread] DEBUG PrimaryStageWindow   - Set initial scene to FXGLStartupScene
12:41:26.652 [JavaFX Application Thread] DEBUG PrimaryStageWindow   - Opening main window
12:41:26.901 [JavaFX Application Thread] DEBUG PrimaryStageWindow   - Window border size: (16.0, 39.0)
12:41:26.901 [JavaFX Application Thread] DEBUG PrimaryStageWindow   - Scaled size: 800.0 x 600.0
12:41:26.903 [JavaFX Application Thread] DEBUG PrimaryStageWindow   - Scaled ratio: (1.0, 1.0)
12:41:26.903 [JavaFX Application Thread] DEBUG PrimaryStageWindow   - Scene size: 800.0 x 600.0
12:41:26.903 [JavaFX Application Thread] DEBUG PrimaryStageWindow   - Stage size: 816.0 x 639.0
12:41:26.928 [FXGL Background Thread 1 ] DEBUG Engine               - Initializing environment variables
12:41:27.096 [FXGL Background Thread 1 ] DEBUG FXGLAssetLoaderServi - User app class for loading assets: class com.mycompany.multiplayer_pong.MultiplayerPongApp
12:41:27.096 [FXGL Background Thread 1 ] DEBUG GameApplicationServi - Applying CSS: fxgl_dark.css
12:41:27.098 [FXGL Background Thread 1 ] DEBUG FXGLAssetLoaderServi - Loading from file system: jar:file:/C:/Users/1935687/.m2/repository/com/github/almasb/fxgl/11.17/fxgl-11.17.jar!/fxglassets/ui/css/fxgl_dark.css
12:41:27.207 [FXGL Background Thread 1 ] DEBUG GameApplicationServi - Initializing application scenes
12:41:27.300 [FXGL Background Thread 1 ] DEBUG GameWorld            - Game world initialized
12:41:27.416 [FXGL Background Thread 1 ] DEBUG PhysicsWorld         - Physics world initialized: appHeight=600, physics.ppm=50.0
12:41:27.417 [FXGL Background Thread 1 ] DEBUG PhysicsWorld         - Using strategy: BRUTE_FORCE
12:41:27.420 [FXGL Background Thread 1 ] DEBUG GameScene            - Game scene initialized: 800x600
12:41:27.437 [FXGL Background Thread 1 ] DEBUG FXGL.DefaultMenu     - createMenuBodyGameMenu()
12:41:27.472 [FXGL Background Thread 1 ] DEBUG FXGL.DefaultMenu     - createOptionsMenu()
12:41:27.493 [FXGL Background Thread 1 ] DEBUG FXGLAssetLoaderServi - Loading from file system: jar:file:/C:/Users/1935687/.m2/repository/com/github/almasb/fxgl/11.17/fxgl-11.17.jar!/fxglassets/textures/particles/smoke.png
12:41:27.679 [FXGL Background Thread 1 ] DEBUG FXGLAssetLoaderServi - Loading from file system: jar:file:/C:/Users/1935687/.m2/repository/com/github/almasb/fxgl/11.17/fxgl-11.17.jar!/fxglassets/textures/particles/trace_horizontal.png
12:41:27.735 [FXGL Background Thread 1 ] DEBUG GameApplicationServi - Application scenes initialized
12:41:27.763 [FXGL Background Thread 1 ] DEBUG SystemBundleService  - Loading FXGL system data
12:41:27.773 [FXGL Background Thread 1 ] DEBUG FileSystemAccess     - Reading from: H:\datacom_project_2_fxgl\Multiplayer_Pong\src\main\java\com\mycompany\multiplayer_pong\system\fxgl.bundle
12:41:27.778 [FXGL Background Thread 1 ] DEBUG SystemBundleService  - Bundle FXGL: {}
12:41:27.779 [FXGL Background Thread 1 ] DEBUG UpdaterService       - Checking for updates
12:41:27.783 [FXGL Background Thread 4 ] DEBUG FXGLApplication      - Loading fonts
12:41:27.784 [FXGL Background Thread 1 ] DEBUG FXGLApplication      - Loading default localization
12:41:27.785 [FXGL Background Thread 4 ] WARN  FXGLAssetLoaderServi - Asset "/assets/ui/fonts/pong.ttf" was not found!
12:41:27.785 [FXGL Background Thread 4 ] WARN  FXGLAssetLoaderServi - Failed to load FONT
12:41:27.786 [FXGL Background Thread 1 ] DEBUG FXGLAssetLoaderServi - Loading from file system: jar:file:/C:/Users/1935687/.m2/repository/com/github/almasb/fxgl/11.17/fxgl-11.17.jar!/fxglassets/languages/english.lang
12:41:27.786 [FXGL Background Thread 4 ] DEBUG FXGLAssetLoaderServi - Loading from file system: jar:file:/C:/Users/1935687/.m2/repository/com/github/almasb/fxgl/11.17/fxgl-11.17.jar!/fxglassets/ui/fonts/Abel-Regular.ttf
12:41:27.832 [FXGL Background Thread 1 ] INFO  FXGLApplication      - FXGL initialization took: 0.903 sec
12:41:27.847 [JavaFX Application Thread] DEBUG Input                - Registered new binding: Up - W
12:41:27.848 [JavaFX Application Thread] DEBUG Input                - Registered new binding: Down - S
12:41:27.850 [JavaFX Application Thread] DEBUG FXGLAssetLoaderServi - Loading from file system: jar:file:/C:/Users/1935687/.m2/repository/com/github/almasb/fxgl/11.17/fxgl-11.17.jar!/fxglassets/textures/fxgl_icon.png
12:41:27.877 [JavaFX Application Thread] DEBUG FXGLAssetLoaderServi - Loading from file system: jar:file:/C:/Users/1935687/.m2/repository/com/github/almasb/fxgl/11.17/fxgl-11.17.jar!/fxglassets/textures/fxgl_default_cursor.png
12:41:27.883 [JavaFX Application Thread] DEBUG Input                - Registered new binding: Screenshot - CTRL+8
12:41:27.885 [JavaFX Application Thread] DEBUG Input                - Registered new binding: System info dump - CTRL+9
12:41:27.886 [JavaFX Application Thread] DEBUG Input                - Registered new binding: Restart - CTRL+R
12:41:27.888 [JavaFX Application Thread] DEBUG Input                - Registered new binding: Toggle Debug Camera - CTRL+C
12:41:27.895 [JavaFX Application Thread] DEBUG LoopRunner           - Starting loop
12:41:27.895 [JavaFX Application Thread] DEBUG LoopRunner           - Initializing JavaFX AnimationTimerLoop
12:41:27.896 [FXGL Background Thread 4 ] DEBUG FXGLAssetLoaderServi - Loading from file system: jar:file:/C:/Users/1935687/.m2/repository/com/github/almasb/fxgl/11.17/fxgl-11.17.jar!/fxglassets/ui/fonts/lucida_console.ttf
12:41:27.899 [JavaFX Application Thread] DEBUG GameApplicationServi - Starting new game
12:41:27.900 [JavaFX Application Thread] DEBUG Input                - Clearing active input actions
12:41:27.905 [FXGL Background Thread 4 ] DEBUG FXGLAssetLoaderServi - Loading from file system: jar:file:/C:/Users/1935687/.m2/repository/com/github/almasb/fxgl/11.17/fxgl-11.17.jar!/fxglassets/ui/fonts/Courier-Prime.ttf
12:41:27.918 [JavaFX Application Thread] DEBUG GameApplicationServi - Removing overlay from FXGLStartupScene and adding to FXGLLoadingScene
12:41:27.918 [JavaFX Application Thread] DEBUG PrimaryStageWindow   - FXGLStartupScene -> FXGLLoadingScene
12:41:27.919 [JavaFX Application Thread] DEBUG GameApplicationServi - Clearing previous game
12:41:27.919 [JavaFX Application Thread] DEBUG GameScene            - Clearing game scene
12:41:27.919 [JavaFX Application Thread] DEBUG GameWorld            - Clearing game world
12:41:27.920 [JavaFX Application Thread] DEBUG PhysicsWorld         - Clearing physics world
12:41:27.924 [FXGL Background Thread 4 ] DEBUG FXGLApplication      - Initializing game
12:41:28.000 [JavaFX Application Thread] DEBUG FXGLApplication      - Registering font factories with UI factory
12:41:28.000 [FXGL Background Thread 4 ] WARN  FXGLAssetLoaderServi - Asset "/assets/ui/main.fxml" was not found!
12:41:28.002 [FXGL Background Thread 4 ] WARN  FXGLAssetLoaderServi - Failed to load UI
12:41:28.130 [JavaFX Application Thread] DEBUG LoopRunner           - Stopping loop
12:41:28.134 [JavaFX Application Thread] FATAL FXGLApplication      - Uncaught Exception:
java.lang.RuntimeException: Initialization failed
	at com.almasb.fxgl.app.FXGLApplication$InitAppTask.failed(FXGLApplication.kt:343)
	at javafx.concurrent.Task.setState(Task.java:710)
	at javafx.concurrent.Task$TaskCallable.lambda$call$2(Task.java:1455)
	at com.sun.javafx.application.PlatformImpl.lambda$runLater$10(PlatformImpl.java:447)
	at java.base/java.security.AccessController.doPrivileged(AccessController.java:391)
	at com.sun.javafx.application.PlatformImpl.lambda$runLater$11(PlatformImpl.java:446)
	at com.sun.glass.ui.InvokeLaterDispatcher$Future.run(InvokeLaterDispatcher.java:96)
	at com.sun.glass.ui.win.WinApplication._runLoop(Native Method)
	at com.sun.glass.ui.win.WinApplication.lambda$runLoop$3(WinApplication.java:174)
	at java.base/java.lang.Thread.run(Thread.java:831)
Caused by: java.lang.NullPointerException: Cannot invoke "javafx.scene.control.Label.textProperty()" because the return value of "com.mycompany.multiplayer_pong.MainUIController.getLabelScorePlayer()" is null
	at com.mycompany.multiplayer_pong.MultiplayerPongApp.initUI(MultiplayerPongApp.java:155)
	at com.almasb.fxgl.app.FXGLApplication$InitAppTask.call(FXGLApplication.kt:321)
	at com.almasb.fxgl.app.FXGLApplication$InitAppTask.call(FXGLApplication.kt:311)
	at javafx.concurrent.Task$TaskCallable.call(Task.java:1425)
	at java.base/java.util.concurrent.FutureTask.run(FutureTask.java:264)
	at java.base/java.util.concurrent.Executors$RunnableAdapter.call(Executors.java:515)
	at java.base/java.util.concurrent.FutureTask.run(FutureTask.java:264)
	at java.base/java.util.concurrent.ThreadPoolExecutor.runWorker(ThreadPoolExecutor.java:1130)
	at java.base/java.util.concurrent.ThreadPoolExecutor$Worker.run(ThreadPoolExecutor.java:630)
	... 1 more

12:41:28.135 [JavaFX Application Thread] FATAL FXGLApplication      - Application will now exit
12:41:28.169 [JavaFX Application Thread] DEBUG PrimaryStageWindow   - Push state: ErrorSubScene
12:41:28.169 [JavaFX Application Thread] DEBUG Input                - Clearing active input actions
12:41:28.184 [JavaFX Application Thread] DEBUG GameApplicationServi - Removing overlay from FXGLLoadingScene and adding to ErrorSubScene
12:41:28.185 [JavaFX Application Thread] DEBUG PrimaryStageWindow   - FXGLLoadingScene -> ErrorSubScene
12:41:30.782 [FXGL Background Thread 3 ] DEBUG Engine               - Logging environment variables
12:41:30.782 [FXGL Background Thread 3 ] DEBUG Engine               - achievements: []
12:41:30.783 [FXGL Background Thread 3 ] DEBUG Engine               - actualHeight: 600.0
12:41:30.783 [FXGL Background Thread 3 ] DEBUG Engine               - actualHeightProperty: ReadOnlyDoubleProperty [value: 600.0]
12:41:30.783 [FXGL Background Thread 3 ] DEBUG Engine               - actualWidth: 800.0
12:41:30.784 [FXGL Background Thread 3 ] DEBUG Engine               - actualWidthProperty: ReadOnlyDoubleProperty [value: 800.0]
12:41:30.784 [FXGL Background Thread 3 ] DEBUG Engine               - appIcon: fxgl_icon.png
12:41:30.784 [FXGL Background Thread 3 ] DEBUG Engine               - applicationMode: DEVELOPER
12:41:30.784 [FXGL Background Thread 3 ] DEBUG Engine               - cSSList: [fxgl_dark.css]
12:41:30.785 [FXGL Background Thread 3 ] DEBUG Engine               - collisionDetectionStrategy: BRUTE_FORCE
12:41:30.785 [FXGL Background Thread 3 ] DEBUG Engine               - configClass: Optional.empty
12:41:30.785 [FXGL Background Thread 3 ] DEBUG Engine               - credits: []
12:41:30.785 [FXGL Background Thread 3 ] DEBUG Engine               - defaultCursor: CursorInfo(imageName=fxgl_default_cursor.png, hotspotX=7.0, hotspotY=6.0)
12:41:30.786 [FXGL Background Thread 3 ] DEBUG Engine               - devBBoxColorProperty: ObjectProperty [value: 0xff0000ff]
12:41:30.787 [FXGL Background Thread 3 ] DEBUG Engine               - devEnableDebugCameraProperty: BooleanProperty [value: false]
12:41:30.787 [FXGL Background Thread 3 ] DEBUG Engine               - devSensorColorProperty: ObjectProperty [value: 0xffff00ff]
12:41:30.788 [FXGL Background Thread 3 ] DEBUG Engine               - devShowBBoxProperty: BooleanProperty [value: false]
12:41:30.788 [FXGL Background Thread 3 ] DEBUG Engine               - devShowPositionProperty: BooleanProperty [value: false]
12:41:30.788 [FXGL Background Thread 3 ] DEBUG Engine               - enabledMenuItems: []
12:41:30.788 [FXGL Background Thread 3 ] DEBUG Engine               - engineServices: [class com.almasb.fxgl.app.services.FXGLAssetLoaderService, class com.almasb.fxgl.app.FXGLApplication$GameApplicationService, class com.almasb.fxgl.app.services.FXGLDialogService, class com.almasb.fxgl.app.services.IOTaskExecutorService, class com.almasb.fxgl.io.FileSystemService, class com.almasb.fxgl.localization.LocalizationService, class com.almasb.fxgl.app.services.SystemBundleService, class com.almasb.fxgl.profile.SaveLoadService, class com.almasb.fxgl.ui.FXGLUIFactoryServiceProvider, class com.almasb.fxgl.ui.FXGLDialogFactoryServiceProvider, class com.almasb.fxgl.audio.AudioPlayer, class com.almasb.fxgl.notification.impl.NotificationServiceProvider, class com.almasb.fxgl.achievement.AchievementService, class com.almasb.fxgl.cutscene.CutsceneService, class com.almasb.fxgl.minigames.MiniGameService, class com.almasb.fxgl.net.NetService, class com.almasb.fxgl.app.services.UpdaterService, class com.almasb.fxgl.dev.DevService]
12:41:30.789 [FXGL Background Thread 3 ] DEBUG Engine               - fontGame: Abel-Regular.ttf
12:41:30.789 [FXGL Background Thread 3 ] DEBUG Engine               - fontMono: lucida_console.ttf
12:41:30.789 [FXGL Background Thread 3 ] DEBUG Engine               - fontText: Courier-Prime.ttf
12:41:30.789 [FXGL Background Thread 3 ] DEBUG Engine               - fontUI: pong.ttf
12:41:30.790 [FXGL Background Thread 3 ] DEBUG Engine               - fullScreen: BooleanProperty [value: false]
12:41:30.790 [FXGL Background Thread 3 ] DEBUG Engine               - gameDifficulty: MEDIUM
12:41:30.790 [FXGL Background Thread 3 ] DEBUG Engine               - gameDifficultyProperty: ObjectProperty [value: MEDIUM]
12:41:30.791 [FXGL Background Thread 3 ] DEBUG Engine               - globalMusicVolume: 0.5
12:41:30.791 [FXGL Background Thread 3 ] DEBUG Engine               - globalMusicVolumeProperty: DoubleProperty [value: 0.5]
12:41:30.791 [FXGL Background Thread 3 ] DEBUG Engine               - globalSoundVolume: 0.5
12:41:30.792 [FXGL Background Thread 3 ] DEBUG Engine               - globalSoundVolumeProperty: DoubleProperty [value: 0.5]
12:41:30.792 [FXGL Background Thread 3 ] DEBUG Engine               - height: 600
12:41:30.792 [FXGL Background Thread 3 ] DEBUG Engine               - is3D: false
12:41:30.792 [FXGL Background Thread 3 ] DEBUG Engine               - isAndroid: false
12:41:30.792 [FXGL Background Thread 3 ] DEBUG Engine               - isBrowser: false
12:41:30.793 [FXGL Background Thread 3 ] DEBUG Engine               - isClickFeedbackEnabled: false
12:41:30.793 [FXGL Background Thread 3 ] DEBUG Engine               - isCloseConfirmation: false
12:41:30.793 [FXGL Background Thread 3 ] DEBUG Engine               - isDesktop: true
12:41:30.793 [FXGL Background Thread 3 ] DEBUG Engine               - isDeveloperMenuEnabled: false
12:41:30.793 [FXGL Background Thread 3 ] DEBUG Engine               - isEntityPreloadEnabled: true
12:41:30.794 [FXGL Background Thread 3 ] DEBUG Engine               - isExperimentalTiledLargeMap: false
12:41:30.794 [FXGL Background Thread 3 ] DEBUG Engine               - isFileSystemWriteAllowed: true
12:41:30.794 [FXGL Background Thread 3 ] DEBUG Engine               - isFullScreenAllowed: false
12:41:30.795 [FXGL Background Thread 3 ] DEBUG Engine               - isFullScreenFromStart: false
12:41:30.795 [FXGL Background Thread 3 ] DEBUG Engine               - isGameMenuEnabled: true
12:41:30.795 [FXGL Background Thread 3 ] DEBUG Engine               - isIOS: false
12:41:30.796 [FXGL Background Thread 3 ] DEBUG Engine               - isIntroEnabled: false
12:41:30.796 [FXGL Background Thread 3 ] DEBUG Engine               - isLinux: false
12:41:30.796 [FXGL Background Thread 3 ] DEBUG Engine               - isMac: false
12:41:30.796 [FXGL Background Thread 3 ] DEBUG Engine               - isMainMenuEnabled: false
12:41:30.796 [FXGL Background Thread 3 ] DEBUG Engine               - isManualResizeEnabled: false
12:41:30.797 [FXGL Background Thread 3 ] DEBUG Engine               - isMobile: false
12:41:30.797 [FXGL Background Thread 3 ] DEBUG Engine               - isNative: false
12:41:30.797 [FXGL Background Thread 3 ] DEBUG Engine               - isPauseMusicWhenMinimized: true
12:41:30.797 [FXGL Background Thread 3 ] DEBUG Engine               - isPreserveResizeRatio: false
12:41:30.798 [FXGL Background Thread 3 ] DEBUG Engine               - isProfilingEnabled: false
12:41:30.798 [FXGL Background Thread 3 ] DEBUG Engine               - isScaleAffectedOnResize: true
12:41:30.798 [FXGL Background Thread 3 ] DEBUG Engine               - isSingleStep: false
12:41:30.798 [FXGL Background Thread 3 ] DEBUG Engine               - isUserProfileEnabled: false
12:41:30.799 [FXGL Background Thread 3 ] DEBUG Engine               - isWindows: true
12:41:30.799 [FXGL Background Thread 3 ] DEBUG Engine               - language: ObjectProperty [value: ENGLISH]
12:41:30.799 [FXGL Background Thread 3 ] DEBUG Engine               - menuKey: ESCAPE
12:41:30.800 [FXGL Background Thread 3 ] DEBUG Engine               - mouseSensitivity: 0.2
12:41:30.800 [FXGL Background Thread 3 ] DEBUG Engine               - notificationViewClass: class com.almasb.fxgl.notification.view.XboxNotificationView
12:41:30.800 [FXGL Background Thread 3 ] DEBUG Engine               - pixelsPerMeter: 50.0
12:41:30.800 [FXGL Background Thread 3 ] DEBUG Engine               - platform: WINDOWS
12:41:30.800 [FXGL Background Thread 3 ] DEBUG Engine               - prefHeightProperty: ReadOnlyDoubleProperty [value: 600.0]
12:41:30.800 [FXGL Background Thread 3 ] DEBUG Engine               - prefWidthProperty: ReadOnlyDoubleProperty [value: 800.0]
12:41:30.801 [FXGL Background Thread 3 ] DEBUG Engine               - profileDir: profiles/
12:41:30.801 [FXGL Background Thread 3 ] DEBUG Engine               - profileName: StringProperty [value: DEFAULT]
12:41:30.801 [FXGL Background Thread 3 ] DEBUG Engine               - randomSeed: -1
12:41:30.802 [FXGL Background Thread 3 ] DEBUG Engine               - runtimeInfo: RuntimeInfo(platform=WINDOWS, version=11.17, build=16.07.2021 15.46)
12:41:30.802 [FXGL Background Thread 3 ] DEBUG Engine               - saveFileExt: sav
12:41:30.802 [FXGL Background Thread 3 ] DEBUG Engine               - scaledHeightProp$fxgl: DoubleProperty [bound, value: 600.0]
12:41:30.802 [FXGL Background Thread 3 ] DEBUG Engine               - scaledWidthProp$fxgl: DoubleProperty [bound, value: 800.0]
12:41:30.803 [FXGL Background Thread 3 ] DEBUG Engine               - sceneFactory: com.almasb.fxgl.app.scene.SceneFactory@706ab979
12:41:30.803 [FXGL Background Thread 3 ] DEBUG Engine               - secondsIn24h: 60
12:41:30.803 [FXGL Background Thread 3 ] DEBUG Engine               - soundMenuBack: menu/back.wav
12:41:30.803 [FXGL Background Thread 3 ] DEBUG Engine               - soundMenuPress: menu/press.wav
12:41:30.803 [FXGL Background Thread 3 ] DEBUG Engine               - soundMenuSelect: menu/select.wav
12:41:30.804 [FXGL Background Thread 3 ] DEBUG Engine               - soundNotification: core/notification.wav
12:41:30.804 [FXGL Background Thread 3 ] DEBUG Engine               - stageStyle: DECORATED
12:41:30.804 [FXGL Background Thread 3 ] DEBUG Engine               - supportedLanguages: [ENGLISH, FRENCH, GERMAN, HUNGARIAN, RUSSIAN]
12:41:30.805 [FXGL Background Thread 3 ] DEBUG Engine               - ticksPerSecond: -1
12:41:30.805 [FXGL Background Thread 3 ] DEBUG Engine               - title: Pong
12:41:30.805 [FXGL Background Thread 3 ] DEBUG Engine               - urlGithub: https://github.com/AlmasB/FXGL
12:41:30.805 [FXGL Background Thread 3 ] DEBUG Engine               - urlLeaderboard: http://fxgl-top.herokuapp.com/
12:41:30.805 [FXGL Background Thread 3 ] DEBUG Engine               - urlPOM: https://raw.githubusercontent.com/AlmasB/FXGL/release/README.md
12:41:30.805 [FXGL Background Thread 3 ] DEBUG Engine               - userAppClass: class com.mycompany.multiplayer_pong.MultiplayerPongApp
12:41:30.806 [FXGL Background Thread 3 ] DEBUG Engine               - version: 1.0
12:41:30.806 [FXGL Background Thread 3 ] DEBUG Engine               - versionCheckDays: 7
12:41:30.807 [FXGL Background Thread 3 ] DEBUG Engine               - width: 800
12:41:30.807 [FXGL Background Thread 3 ] DEBUG Engine               - Logging services
12:41:30.807 [FXGL Background Thread 3 ] DEBUG Engine               - class com.almasb.fxgl.app.services.FXGLAssetLoaderService
12:41:30.808 [FXGL Background Thread 3 ] DEBUG Engine               - class com.almasb.fxgl.app.FXGLApplication$GameApplicationService
12:41:30.808 [FXGL Background Thread 3 ] DEBUG Engine               - class com.almasb.fxgl.app.services.FXGLDialogService
12:41:30.808 [FXGL Background Thread 3 ] DEBUG Engine               - class com.almasb.fxgl.app.services.IOTaskExecutorService
12:41:30.808 [FXGL Background Thread 3 ] DEBUG Engine               - class com.almasb.fxgl.io.FileSystemService
12:41:30.808 [FXGL Background Thread 3 ] DEBUG Engine               - class com.almasb.fxgl.localization.LocalizationService
12:41:30.809 [FXGL Background Thread 3 ] DEBUG Engine               - class com.almasb.fxgl.app.services.SystemBundleService
12:41:30.809 [FXGL Background Thread 3 ] DEBUG Engine               - class com.almasb.fxgl.profile.SaveLoadService
12:41:30.809 [FXGL Background Thread 3 ] DEBUG Engine               - class com.almasb.fxgl.ui.FXGLUIFactoryServiceProvider
12:41:30.809 [FXGL Background Thread 3 ] DEBUG Engine               - class com.almasb.fxgl.ui.FXGLDialogFactoryServiceProvider
12:41:30.809 [FXGL Background Thread 3 ] DEBUG Engine               - class com.almasb.fxgl.audio.AudioPlayer
12:41:30.810 [FXGL Background Thread 3 ] DEBUG Engine               - class com.almasb.fxgl.notification.impl.NotificationServiceProvider
12:41:30.810 [FXGL Background Thread 3 ] DEBUG Engine               - class com.almasb.fxgl.achievement.AchievementService
12:41:30.810 [FXGL Background Thread 3 ] DEBUG Engine               - class com.almasb.fxgl.cutscene.CutsceneService
12:41:30.810 [FXGL Background Thread 3 ] DEBUG Engine               - class com.almasb.fxgl.minigames.MiniGameService
12:41:30.811 [FXGL Background Thread 3 ] DEBUG Engine               - class com.almasb.fxgl.net.NetService
12:41:30.811 [FXGL Background Thread 3 ] DEBUG Engine               - class com.almasb.fxgl.app.services.UpdaterService
12:41:30.811 [FXGL Background Thread 3 ] DEBUG Engine               - class com.almasb.fxgl.dev.DevService
12:42:35.905 [JavaFX Application Thread] DEBUG FXGLApplication      - Exiting FXGL
12:42:35.905 [JavaFX Application Thread] DEBUG Async                - Shutting down background threads
12:42:35.905 [JavaFX Application Thread] DEBUG PrimaryStageWindow   - Closing main window
12:42:35.920 [JavaFX Application Thread] DEBUG Logger               - Closing Logger
