12:18:26.228 [main                     ] DEBUG Logger               - Configured Logger
12:18:26.232 [main                     ] DEBUG GameApplication      - Logging settings
Title: Pong
Version: 1.0
Width: 800
Height: 600
Fullscreen: false
Intro: false
Profiling: false
Single step:false
App Mode: DEVELOPER
Menu Key: ESCAPE
Stage Style: DECORATED
Scene Factory: class com.almasb.fxgl.app.scene.SceneFactory

12:18:27.762 [JavaFX Application Thread] DEBUG FXGLApplication      - Initializing FXGL
12:18:27.767 [JavaFX Application Thread] INFO  Engine               - FXGL-11.17 (16.07.2021 15.46) on WINDOWS (J:16.0.1 FX:16)
12:18:27.768 [JavaFX Application Thread] DEBUG Engine               - JRE Vendor Name: AdoptOpenJDK
12:18:27.768 [JavaFX Application Thread] DEBUG Engine               - Running on OS: Windows 10 version 10.0
12:18:27.768 [JavaFX Application Thread] DEBUG Engine               - Architecture: amd64
12:18:27.769 [JavaFX Application Thread] INFO  Engine               - Source code and latest versions at: https://github.com/AlmasB/FXGL
12:18:27.769 [JavaFX Application Thread] INFO  Engine               -              Join the FXGL chat at: https://gitter.im/AlmasB/FXGL
12:18:28.106 [JavaFX Application Thread] DEBUG PrimaryStageWindow   - Creating a JavaFX scene
12:18:28.209 [JavaFX Application Thread] DEBUG PrimaryStageWindow   - Target settings size: 800.0 x 600.0
12:18:28.209 [JavaFX Application Thread] DEBUG PrimaryStageWindow   - Scaled scene size:    800.0 x 600.0
12:18:28.210 [JavaFX Application Thread] DEBUG PrimaryStageWindow   - Scaled ratio: (1.0, 1.0)
12:18:28.211 [JavaFX Application Thread] DEBUG PrimaryStageWindow   - Set initial scene to FXGLStartupScene
12:18:28.225 [JavaFX Application Thread] DEBUG PrimaryStageWindow   - Opening main window
12:18:28.376 [JavaFX Application Thread] DEBUG PrimaryStageWindow   - Window border size: (16.0, 39.0)
12:18:28.377 [JavaFX Application Thread] DEBUG PrimaryStageWindow   - Scaled size: 800.0 x 600.0
12:18:28.377 [JavaFX Application Thread] DEBUG PrimaryStageWindow   - Scaled ratio: (1.0, 1.0)
12:18:28.377 [JavaFX Application Thread] DEBUG PrimaryStageWindow   - Scene size: 800.0 x 600.0
12:18:28.377 [JavaFX Application Thread] DEBUG PrimaryStageWindow   - Stage size: 816.0 x 639.0
12:18:28.388 [FXGL Background Thread 1 ] DEBUG Engine               - Initializing environment variables
12:18:28.494 [FXGL Background Thread 1 ] DEBUG FXGLAssetLoaderServi - User app class for loading assets: class com.mycompany.multiplayer_pong.MultiplayerPongApp
12:18:28.494 [FXGL Background Thread 1 ] DEBUG GameApplicationServi - Applying CSS: fxgl_dark.css
12:18:28.495 [FXGL Background Thread 1 ] DEBUG FXGLAssetLoaderServi - Loading from file system: jar:file:/C:/Users/1935687/.m2/repository/com/github/almasb/fxgl/11.17/fxgl-11.17.jar!/fxglassets/ui/css/fxgl_dark.css
12:18:28.572 [FXGL Background Thread 1 ] DEBUG GameApplicationServi - Initializing application scenes
12:18:28.663 [FXGL Background Thread 1 ] DEBUG GameWorld            - Game world initialized
12:18:28.779 [FXGL Background Thread 1 ] DEBUG PhysicsWorld         - Physics world initialized: appHeight=600, physics.ppm=50.0
12:18:28.779 [FXGL Background Thread 1 ] DEBUG PhysicsWorld         - Using strategy: BRUTE_FORCE
12:18:28.784 [FXGL Background Thread 1 ] DEBUG GameScene            - Game scene initialized: 800x600
12:18:28.805 [FXGL Background Thread 1 ] DEBUG FXGL.DefaultMenu     - createMenuBodyGameMenu()
12:18:28.841 [FXGL Background Thread 1 ] DEBUG FXGL.DefaultMenu     - createOptionsMenu()
12:18:28.860 [FXGL Background Thread 1 ] DEBUG FXGLAssetLoaderServi - Loading from file system: jar:file:/C:/Users/1935687/.m2/repository/com/github/almasb/fxgl/11.17/fxgl-11.17.jar!/fxglassets/textures/particles/smoke.png
12:18:29.036 [FXGL Background Thread 1 ] DEBUG FXGLAssetLoaderServi - Loading from file system: jar:file:/C:/Users/1935687/.m2/repository/com/github/almasb/fxgl/11.17/fxgl-11.17.jar!/fxglassets/textures/particles/trace_horizontal.png
12:18:29.085 [FXGL Background Thread 1 ] DEBUG GameApplicationServi - Application scenes initialized
12:18:29.117 [FXGL Background Thread 1 ] DEBUG SystemBundleService  - Loading default FXGL system data
12:18:29.118 [FXGL Background Thread 1 ] DEBUG UpdaterService       - Checking for updates
12:18:29.123 [FXGL Background Thread 4 ] DEBUG FXGLApplication      - Loading fonts
12:18:29.124 [FXGL Background Thread 1 ] DEBUG FXGLApplication      - Loading default localization
12:18:29.125 [FXGL Background Thread 4 ] WARN  FXGLAssetLoaderServi - Asset "/assets/ui/fonts/pong.ttf" was not found!
12:18:29.125 [FXGL Background Thread 4 ] WARN  FXGLAssetLoaderServi - Failed to load FONT
12:18:29.126 [FXGL Background Thread 1 ] DEBUG FXGLAssetLoaderServi - Loading from file system: jar:file:/C:/Users/1935687/.m2/repository/com/github/almasb/fxgl/11.17/fxgl-11.17.jar!/fxglassets/languages/english.lang
12:18:29.127 [FXGL Background Thread 4 ] DEBUG FXGLAssetLoaderServi - Loading from file system: jar:file:/C:/Users/1935687/.m2/repository/com/github/almasb/fxgl/11.17/fxgl-11.17.jar!/fxglassets/ui/fonts/Abel-Regular.ttf
12:18:29.159 [FXGL Background Thread 1 ] INFO  FXGLApplication      - FXGL initialization took: 0.771 sec
12:18:29.180 [JavaFX Application Thread] DEBUG Input                - Registered new binding: Up - W
12:18:29.180 [JavaFX Application Thread] DEBUG Input                - Registered new binding: Down - S
12:18:29.182 [JavaFX Application Thread] DEBUG FXGLAssetLoaderServi - Loading from file system: jar:file:/C:/Users/1935687/.m2/repository/com/github/almasb/fxgl/11.17/fxgl-11.17.jar!/fxglassets/textures/fxgl_icon.png
12:18:29.205 [JavaFX Application Thread] DEBUG FXGLAssetLoaderServi - Loading from file system: jar:file:/C:/Users/1935687/.m2/repository/com/github/almasb/fxgl/11.17/fxgl-11.17.jar!/fxglassets/textures/fxgl_default_cursor.png
12:18:29.213 [JavaFX Application Thread] DEBUG Input                - Registered new binding: Screenshot - CTRL+8
12:18:29.215 [JavaFX Application Thread] DEBUG Input                - Registered new binding: System info dump - CTRL+9
12:18:29.217 [JavaFX Application Thread] DEBUG Input                - Registered new binding: Restart - CTRL+R
12:18:29.220 [JavaFX Application Thread] DEBUG Input                - Registered new binding: Toggle Debug Camera - CTRL+C
12:18:29.230 [JavaFX Application Thread] DEBUG LoopRunner           - Starting loop
12:18:29.230 [JavaFX Application Thread] DEBUG LoopRunner           - Initializing JavaFX AnimationTimerLoop
12:18:29.237 [FXGL Background Thread 4 ] DEBUG FXGLAssetLoaderServi - Loading from file system: jar:file:/C:/Users/1935687/.m2/repository/com/github/almasb/fxgl/11.17/fxgl-11.17.jar!/fxglassets/ui/fonts/lucida_console.ttf
12:18:29.237 [JavaFX Application Thread] DEBUG GameApplicationServi - Starting new game
12:18:29.237 [JavaFX Application Thread] DEBUG Input                - Clearing active input actions
12:18:29.242 [FXGL Background Thread 4 ] DEBUG FXGLAssetLoaderServi - Loading from file system: jar:file:/C:/Users/1935687/.m2/repository/com/github/almasb/fxgl/11.17/fxgl-11.17.jar!/fxglassets/ui/fonts/Courier-Prime.ttf
12:18:29.252 [JavaFX Application Thread] DEBUG GameApplicationServi - Removing overlay from FXGLStartupScene and adding to FXGLLoadingScene
12:18:29.253 [JavaFX Application Thread] DEBUG PrimaryStageWindow   - FXGLStartupScene -> FXGLLoadingScene
12:18:29.253 [JavaFX Application Thread] DEBUG GameApplicationServi - Clearing previous game
12:18:29.253 [JavaFX Application Thread] DEBUG GameScene            - Clearing game scene
12:18:29.253 [JavaFX Application Thread] DEBUG GameWorld            - Clearing game world
12:18:29.253 [JavaFX Application Thread] DEBUG PhysicsWorld         - Clearing physics world
12:18:29.256 [FXGL Background Thread 4 ] DEBUG FXGLApplication      - Initializing game
12:18:29.319 [JavaFX Application Thread] DEBUG FXGLApplication      - Registering font factories with UI factory
12:18:29.321 [JavaFX Application Thread] DEBUG LoopRunner           - Stopping loop
12:18:29.322 [JavaFX Application Thread] FATAL FXGLApplication      - Uncaught Exception:
java.lang.RuntimeException: Initialization failed
	at com.almasb.fxgl.app.FXGLApplication$InitAppTask.failed(FXGLApplication.kt:343)
	at javafx.concurrent.Task.setState(Task.java:710)
	at javafx.concurrent.Task$TaskCallable.lambda$call$2(Task.java:1455)
	at com.sun.javafx.application.PlatformImpl.lambda$runLater$10(PlatformImpl.java:447)
	at java.base/java.security.AccessController.doPrivileged(AccessController.java:391)
	at com.sun.javafx.application.PlatformImpl.lambda$runLater$11(PlatformImpl.java:446)
	at com.sun.glass.ui.InvokeLaterDispatcher$Future.run(InvokeLaterDispatcher.java:96)
	at com.sun.glass.ui.win.WinApplication._runLoop(Native Method)
	at com.sun.glass.ui.win.WinApplication.lambda$runLoop$3(WinApplication.java:174)
	at java.base/java.lang.Thread.run(Thread.java:831)
Caused by: java.lang.RuntimeException: Uncompilable source code - Erroneous tree type: <any>
	at com.mycompany.multiplayer_pong.MultiplayerPongApp.initGame(MultiplayerPongApp.java:112)
	at com.almasb.fxgl.app.FXGLApplication$InitAppTask.initGame(FXGLApplication.kt:339)
	at com.almasb.fxgl.app.FXGLApplication$InitAppTask.call(FXGLApplication.kt:319)
	at com.almasb.fxgl.app.FXGLApplication$InitAppTask.call(FXGLApplication.kt:311)
	at javafx.concurrent.Task$TaskCallable.call(Task.java:1425)
	at java.base/java.util.concurrent.FutureTask.run(FutureTask.java:264)
	at java.base/java.util.concurrent.Executors$RunnableAdapter.call(Executors.java:515)
	at java.base/java.util.concurrent.FutureTask.run(FutureTask.java:264)
	at java.base/java.util.concurrent.ThreadPoolExecutor.runWorker(ThreadPoolExecutor.java:1130)
	at java.base/java.util.concurrent.ThreadPoolExecutor$Worker.run(ThreadPoolExecutor.java:630)
	... 1 more

12:18:29.323 [JavaFX Application Thread] FATAL FXGLApplication      - Application will now exit
12:18:29.359 [JavaFX Application Thread] DEBUG PrimaryStageWindow   - Push state: ErrorSubScene
12:18:29.359 [JavaFX Application Thread] DEBUG Input                - Clearing active input actions
12:18:29.376 [JavaFX Application Thread] DEBUG GameApplicationServi - Removing overlay from FXGLLoadingScene and adding to ErrorSubScene
12:18:29.377 [JavaFX Application Thread] DEBUG PrimaryStageWindow   - FXGLLoadingScene -> ErrorSubScene
12:18:32.123 [FXGL Background Thread 3 ] DEBUG Engine               - Logging environment variables
12:18:32.124 [FXGL Background Thread 3 ] DEBUG Engine               - achievements: []
12:18:32.124 [FXGL Background Thread 3 ] DEBUG Engine               - actualHeight: 600.0
12:18:32.125 [FXGL Background Thread 3 ] DEBUG Engine               - actualHeightProperty: ReadOnlyDoubleProperty [value: 600.0]
12:18:32.125 [FXGL Background Thread 3 ] DEBUG Engine               - actualWidth: 800.0
12:18:32.126 [FXGL Background Thread 3 ] DEBUG Engine               - actualWidthProperty: ReadOnlyDoubleProperty [value: 800.0]
12:18:32.126 [FXGL Background Thread 3 ] DEBUG Engine               - appIcon: fxgl_icon.png
12:18:32.126 [FXGL Background Thread 3 ] DEBUG Engine               - applicationMode: DEVELOPER
12:18:32.126 [FXGL Background Thread 3 ] DEBUG Engine               - cSSList: [fxgl_dark.css]
12:18:32.127 [FXGL Background Thread 3 ] DEBUG Engine               - collisionDetectionStrategy: BRUTE_FORCE
12:18:32.127 [FXGL Background Thread 3 ] DEBUG Engine               - configClass: Optional.empty
12:18:32.127 [FXGL Background Thread 3 ] DEBUG Engine               - credits: []
12:18:32.128 [FXGL Background Thread 3 ] DEBUG Engine               - defaultCursor: CursorInfo(imageName=fxgl_default_cursor.png, hotspotX=7.0, hotspotY=6.0)
12:18:32.128 [FXGL Background Thread 3 ] DEBUG Engine               - devBBoxColorProperty: ObjectProperty [value: 0xff0000ff]
12:18:32.129 [FXGL Background Thread 3 ] DEBUG Engine               - devEnableDebugCameraProperty: BooleanProperty [value: false]
12:18:32.130 [FXGL Background Thread 3 ] DEBUG Engine               - devSensorColorProperty: ObjectProperty [value: 0xffff00ff]
12:18:32.130 [FXGL Background Thread 3 ] DEBUG Engine               - devShowBBoxProperty: BooleanProperty [value: false]
12:18:32.130 [FXGL Background Thread 3 ] DEBUG Engine               - devShowPositionProperty: BooleanProperty [value: false]
12:18:32.131 [FXGL Background Thread 3 ] DEBUG Engine               - enabledMenuItems: []
12:18:32.131 [FXGL Background Thread 3 ] DEBUG Engine               - engineServices: [class com.almasb.fxgl.app.services.FXGLAssetLoaderService, class com.almasb.fxgl.app.FXGLApplication$GameApplicationService, class com.almasb.fxgl.app.services.FXGLDialogService, class com.almasb.fxgl.app.services.IOTaskExecutorService, class com.almasb.fxgl.io.FileSystemService, class com.almasb.fxgl.localization.LocalizationService, class com.almasb.fxgl.app.services.SystemBundleService, class com.almasb.fxgl.profile.SaveLoadService, class com.almasb.fxgl.ui.FXGLUIFactoryServiceProvider, class com.almasb.fxgl.ui.FXGLDialogFactoryServiceProvider, class com.almasb.fxgl.audio.AudioPlayer, class com.almasb.fxgl.notification.impl.NotificationServiceProvider, class com.almasb.fxgl.achievement.AchievementService, class com.almasb.fxgl.cutscene.CutsceneService, class com.almasb.fxgl.minigames.MiniGameService, class com.almasb.fxgl.net.NetService, class com.almasb.fxgl.app.services.UpdaterService, class com.almasb.fxgl.dev.DevService]
12:18:32.131 [FXGL Background Thread 3 ] DEBUG Engine               - fontGame: Abel-Regular.ttf
12:18:32.131 [FXGL Background Thread 3 ] DEBUG Engine               - fontMono: lucida_console.ttf
12:18:32.132 [FXGL Background Thread 3 ] DEBUG Engine               - fontText: Courier-Prime.ttf
12:18:32.132 [FXGL Background Thread 3 ] DEBUG Engine               - fontUI: pong.ttf
12:18:32.132 [FXGL Background Thread 3 ] DEBUG Engine               - fullScreen: BooleanProperty [value: false]
12:18:32.132 [FXGL Background Thread 3 ] DEBUG Engine               - gameDifficulty: MEDIUM
12:18:32.132 [FXGL Background Thread 3 ] DEBUG Engine               - gameDifficultyProperty: ObjectProperty [value: MEDIUM]
12:18:32.133 [FXGL Background Thread 3 ] DEBUG Engine               - globalMusicVolume: 0.5
12:18:32.133 [FXGL Background Thread 3 ] DEBUG Engine               - globalMusicVolumeProperty: DoubleProperty [value: 0.5]
12:18:32.134 [FXGL Background Thread 3 ] DEBUG Engine               - globalSoundVolume: 0.5
12:18:32.134 [FXGL Background Thread 3 ] DEBUG Engine               - globalSoundVolumeProperty: DoubleProperty [value: 0.5]
12:18:32.134 [FXGL Background Thread 3 ] DEBUG Engine               - height: 600
12:18:32.134 [FXGL Background Thread 3 ] DEBUG Engine               - is3D: false
12:18:32.134 [FXGL Background Thread 3 ] DEBUG Engine               - isAndroid: false
12:18:32.135 [FXGL Background Thread 3 ] DEBUG Engine               - isBrowser: false
12:18:32.135 [FXGL Background Thread 3 ] DEBUG Engine               - isClickFeedbackEnabled: false
12:18:32.135 [FXGL Background Thread 3 ] DEBUG Engine               - isCloseConfirmation: false
12:18:32.135 [FXGL Background Thread 3 ] DEBUG Engine               - isDesktop: true
12:18:32.135 [FXGL Background Thread 3 ] DEBUG Engine               - isDeveloperMenuEnabled: false
12:18:32.136 [FXGL Background Thread 3 ] DEBUG Engine               - isEntityPreloadEnabled: true
12:18:32.136 [FXGL Background Thread 3 ] DEBUG Engine               - isExperimentalTiledLargeMap: false
12:18:32.136 [FXGL Background Thread 3 ] DEBUG Engine               - isFileSystemWriteAllowed: true
12:18:32.136 [FXGL Background Thread 3 ] DEBUG Engine               - isFullScreenAllowed: false
12:18:32.136 [FXGL Background Thread 3 ] DEBUG Engine               - isFullScreenFromStart: false
12:18:32.137 [FXGL Background Thread 3 ] DEBUG Engine               - isGameMenuEnabled: true
12:18:32.137 [FXGL Background Thread 3 ] DEBUG Engine               - isIOS: false
12:18:32.138 [FXGL Background Thread 3 ] DEBUG Engine               - isIntroEnabled: false
12:18:32.138 [FXGL Background Thread 3 ] DEBUG Engine               - isLinux: false
12:18:32.138 [FXGL Background Thread 3 ] DEBUG Engine               - isMac: false
12:18:32.138 [FXGL Background Thread 3 ] DEBUG Engine               - isMainMenuEnabled: false
12:18:32.138 [FXGL Background Thread 3 ] DEBUG Engine               - isManualResizeEnabled: false
12:18:32.139 [FXGL Background Thread 3 ] DEBUG Engine               - isMobile: false
12:18:32.139 [FXGL Background Thread 3 ] DEBUG Engine               - isNative: false
12:18:32.139 [FXGL Background Thread 3 ] DEBUG Engine               - isPauseMusicWhenMinimized: true
12:18:32.139 [FXGL Background Thread 3 ] DEBUG Engine               - isPreserveResizeRatio: false
12:18:32.140 [FXGL Background Thread 3 ] DEBUG Engine               - isProfilingEnabled: false
12:18:32.140 [FXGL Background Thread 3 ] DEBUG Engine               - isScaleAffectedOnResize: true
12:18:32.140 [FXGL Background Thread 3 ] DEBUG Engine               - isSingleStep: false
12:18:32.140 [FXGL Background Thread 3 ] DEBUG Engine               - isUserProfileEnabled: false
12:18:32.140 [FXGL Background Thread 3 ] DEBUG Engine               - isWindows: true
12:18:32.141 [FXGL Background Thread 3 ] DEBUG Engine               - language: ObjectProperty [value: ENGLISH]
12:18:32.141 [FXGL Background Thread 3 ] DEBUG Engine               - menuKey: ESCAPE
12:18:32.142 [FXGL Background Thread 3 ] DEBUG Engine               - mouseSensitivity: 0.2
12:18:32.142 [FXGL Background Thread 3 ] DEBUG Engine               - notificationViewClass: class com.almasb.fxgl.notification.view.XboxNotificationView
12:18:32.142 [FXGL Background Thread 3 ] DEBUG Engine               - pixelsPerMeter: 50.0
12:18:32.142 [FXGL Background Thread 3 ] DEBUG Engine               - platform: WINDOWS
12:18:32.142 [FXGL Background Thread 3 ] DEBUG Engine               - prefHeightProperty: ReadOnlyDoubleProperty [value: 600.0]
12:18:32.142 [FXGL Background Thread 3 ] DEBUG Engine               - prefWidthProperty: ReadOnlyDoubleProperty [value: 800.0]
12:18:32.142 [FXGL Background Thread 3 ] DEBUG Engine               - profileDir: profiles/
12:18:32.143 [FXGL Background Thread 3 ] DEBUG Engine               - profileName: StringProperty [value: DEFAULT]
12:18:32.143 [FXGL Background Thread 3 ] DEBUG Engine               - randomSeed: -1
12:18:32.143 [FXGL Background Thread 3 ] DEBUG Engine               - runtimeInfo: RuntimeInfo(platform=WINDOWS, version=11.17, build=16.07.2021 15.46)
12:18:32.144 [FXGL Background Thread 3 ] DEBUG Engine               - saveFileExt: sav
12:18:32.144 [FXGL Background Thread 3 ] DEBUG Engine               - scaledHeightProp$fxgl: DoubleProperty [bound, value: 600.0]
12:18:32.144 [FXGL Background Thread 3 ] DEBUG Engine               - scaledWidthProp$fxgl: DoubleProperty [bound, value: 800.0]
12:18:32.144 [FXGL Background Thread 3 ] DEBUG Engine               - sceneFactory: com.almasb.fxgl.app.scene.SceneFactory@46b83aaf
12:18:32.144 [FXGL Background Thread 3 ] DEBUG Engine               - secondsIn24h: 60
12:18:32.145 [FXGL Background Thread 3 ] DEBUG Engine               - soundMenuBack: menu/back.wav
12:18:32.145 [FXGL Background Thread 3 ] DEBUG Engine               - soundMenuPress: menu/press.wav
12:18:32.145 [FXGL Background Thread 3 ] DEBUG Engine               - soundMenuSelect: menu/select.wav
12:18:32.146 [FXGL Background Thread 3 ] DEBUG Engine               - soundNotification: core/notification.wav
12:18:32.146 [FXGL Background Thread 3 ] DEBUG Engine               - stageStyle: DECORATED
12:18:32.146 [FXGL Background Thread 3 ] DEBUG Engine               - supportedLanguages: [ENGLISH, FRENCH, GERMAN, HUNGARIAN, RUSSIAN]
12:18:32.146 [FXGL Background Thread 3 ] DEBUG Engine               - ticksPerSecond: -1
12:18:32.146 [FXGL Background Thread 3 ] DEBUG Engine               - title: Pong
12:18:32.146 [FXGL Background Thread 3 ] DEBUG Engine               - urlGithub: https://github.com/AlmasB/FXGL
12:18:32.146 [FXGL Background Thread 3 ] DEBUG Engine               - urlLeaderboard: http://fxgl-top.herokuapp.com/
12:18:32.147 [FXGL Background Thread 3 ] DEBUG Engine               - urlPOM: https://raw.githubusercontent.com/AlmasB/FXGL/release/README.md
12:18:32.147 [FXGL Background Thread 3 ] DEBUG Engine               - userAppClass: class com.mycompany.multiplayer_pong.MultiplayerPongApp
12:18:32.147 [FXGL Background Thread 3 ] DEBUG Engine               - version: 1.0
12:18:32.147 [FXGL Background Thread 3 ] DEBUG Engine               - versionCheckDays: 7
12:18:32.148 [FXGL Background Thread 3 ] DEBUG Engine               - width: 800
12:18:32.148 [FXGL Background Thread 3 ] DEBUG Engine               - Logging services
12:18:32.148 [FXGL Background Thread 3 ] DEBUG Engine               - class com.almasb.fxgl.app.services.FXGLAssetLoaderService
12:18:32.149 [FXGL Background Thread 3 ] DEBUG Engine               - class com.almasb.fxgl.app.FXGLApplication$GameApplicationService
12:18:32.149 [FXGL Background Thread 3 ] DEBUG Engine               - class com.almasb.fxgl.app.services.FXGLDialogService
12:18:32.149 [FXGL Background Thread 3 ] DEBUG Engine               - class com.almasb.fxgl.app.services.IOTaskExecutorService
12:18:32.149 [FXGL Background Thread 3 ] DEBUG Engine               - class com.almasb.fxgl.io.FileSystemService
12:18:32.149 [FXGL Background Thread 3 ] DEBUG Engine               - class com.almasb.fxgl.localization.LocalizationService
12:18:32.150 [FXGL Background Thread 3 ] DEBUG Engine               - class com.almasb.fxgl.app.services.SystemBundleService
12:18:32.150 [FXGL Background Thread 3 ] DEBUG Engine               - class com.almasb.fxgl.profile.SaveLoadService
12:18:32.150 [FXGL Background Thread 3 ] DEBUG Engine               - class com.almasb.fxgl.ui.FXGLUIFactoryServiceProvider
12:18:32.150 [FXGL Background Thread 3 ] DEBUG Engine               - class com.almasb.fxgl.ui.FXGLDialogFactoryServiceProvider
12:18:32.150 [FXGL Background Thread 3 ] DEBUG Engine               - class com.almasb.fxgl.audio.AudioPlayer
12:18:32.150 [FXGL Background Thread 3 ] DEBUG Engine               - class com.almasb.fxgl.notification.impl.NotificationServiceProvider
12:18:32.151 [FXGL Background Thread 3 ] DEBUG Engine               - class com.almasb.fxgl.achievement.AchievementService
12:18:32.151 [FXGL Background Thread 3 ] DEBUG Engine               - class com.almasb.fxgl.cutscene.CutsceneService
12:18:32.151 [FXGL Background Thread 3 ] DEBUG Engine               - class com.almasb.fxgl.minigames.MiniGameService
12:18:32.151 [FXGL Background Thread 3 ] DEBUG Engine               - class com.almasb.fxgl.net.NetService
12:18:32.152 [FXGL Background Thread 3 ] DEBUG Engine               - class com.almasb.fxgl.app.services.UpdaterService
12:18:32.152 [FXGL Background Thread 3 ] DEBUG Engine               - class com.almasb.fxgl.dev.DevService
12:18:52.042 [JavaFX Application Thread] DEBUG LoopRunner           - Pausing loop
12:20:02.403 [JavaFX Application Thread] DEBUG LoopRunner           - Resuming loop
12:20:45.582 [JavaFX Application Thread] DEBUG FXGLApplication      - Exiting FXGL
12:20:45.582 [JavaFX Application Thread] DEBUG Async                - Shutting down background threads
12:20:45.583 [JavaFX Application Thread] DEBUG PrimaryStageWindow   - Closing main window
12:20:45.592 [JavaFX Application Thread] DEBUG Logger               - Closing Logger
