12:52:28.408 [main                     ] DEBUG Logger               - Configured Logger
12:52:28.415 [main                     ] DEBUG GameApplication      - Logging settings
Title: Pong
Version: 1.0
Width: 800
Height: 600
Fullscreen: false
Intro: false
Profiling: false
Single step:false
App Mode: DEVELOPER
Menu Key: ESCAPE
Stage Style: DECORATED
Scene Factory: class com.almasb.fxgl.app.scene.SceneFactory

12:52:29.076 [JavaFX Application Thread] DEBUG FXGLApplication      - Initializing FXGL
12:52:29.082 [JavaFX Application Thread] INFO  Engine               - FXGL-11.17 (16.07.2021 15.46) on WINDOWS (J:16.0.1 FX:16)
12:52:29.082 [JavaFX Application Thread] DEBUG Engine               - JRE Vendor Name: AdoptOpenJDK
12:52:29.082 [JavaFX Application Thread] DEBUG Engine               - Running on OS: Windows 10 version 10.0
12:52:29.083 [JavaFX Application Thread] DEBUG Engine               - Architecture: amd64
12:52:29.083 [JavaFX Application Thread] INFO  Engine               - Source code and latest versions at: https://github.com/AlmasB/FXGL
12:52:29.084 [JavaFX Application Thread] INFO  Engine               -              Join the FXGL chat at: https://gitter.im/AlmasB/FXGL
12:52:30.150 [JavaFX Application Thread] DEBUG PrimaryStageWindow   - Creating a JavaFX scene
12:52:30.689 [JavaFX Application Thread] DEBUG PrimaryStageWindow   - Target settings size: 800.0 x 600.0
12:52:30.690 [JavaFX Application Thread] DEBUG PrimaryStageWindow   - Scaled scene size:    800.0 x 600.0
12:52:30.690 [JavaFX Application Thread] DEBUG PrimaryStageWindow   - Scaled ratio: (1.0, 1.0)
12:52:30.693 [JavaFX Application Thread] DEBUG PrimaryStageWindow   - Set initial scene to FXGLStartupScene
12:52:30.719 [JavaFX Application Thread] DEBUG PrimaryStageWindow   - Opening main window
12:52:30.893 [JavaFX Application Thread] DEBUG PrimaryStageWindow   - Window border size: (16.0, 39.0)
12:52:30.893 [JavaFX Application Thread] DEBUG PrimaryStageWindow   - Scaled size: 800.0 x 600.0
12:52:30.893 [JavaFX Application Thread] DEBUG PrimaryStageWindow   - Scaled ratio: (1.0, 1.0)
12:52:30.894 [JavaFX Application Thread] DEBUG PrimaryStageWindow   - Scene size: 800.0 x 600.0
12:52:30.894 [JavaFX Application Thread] DEBUG PrimaryStageWindow   - Stage size: 816.0 x 639.0
12:52:30.911 [FXGL Background Thread 1 ] DEBUG Engine               - Initializing environment variables
12:52:31.019 [FXGL Background Thread 1 ] DEBUG FXGLAssetLoaderServi - User app class for loading assets: class com.mycompany.multiplayer_pong.MultiplayerPongApp
12:52:31.020 [FXGL Background Thread 1 ] DEBUG GameApplicationServi - Applying CSS: fxgl_dark.css
12:52:31.022 [FXGL Background Thread 1 ] DEBUG FXGLAssetLoaderServi - Loading from file system: jar:file:/C:/Users/1935687/.m2/repository/com/github/almasb/fxgl/11.17/fxgl-11.17.jar!/fxglassets/ui/css/fxgl_dark.css
12:52:31.113 [FXGL Background Thread 1 ] DEBUG GameApplicationServi - Initializing application scenes
12:52:31.208 [FXGL Background Thread 1 ] DEBUG GameWorld            - Game world initialized
12:52:31.330 [FXGL Background Thread 1 ] DEBUG PhysicsWorld         - Physics world initialized: appHeight=600, physics.ppm=50.0
12:52:31.330 [FXGL Background Thread 1 ] DEBUG PhysicsWorld         - Using strategy: BRUTE_FORCE
12:52:31.334 [FXGL Background Thread 1 ] DEBUG GameScene            - Game scene initialized: 800x600
12:52:31.354 [FXGL Background Thread 1 ] DEBUG FXGL.DefaultMenu     - createMenuBodyGameMenu()
12:52:31.401 [FXGL Background Thread 1 ] DEBUG FXGL.DefaultMenu     - createOptionsMenu()
12:52:31.423 [FXGL Background Thread 1 ] DEBUG FXGLAssetLoaderServi - Loading from file system: jar:file:/C:/Users/1935687/.m2/repository/com/github/almasb/fxgl/11.17/fxgl-11.17.jar!/fxglassets/textures/particles/smoke.png
12:52:31.559 [FXGL Background Thread 1 ] DEBUG FXGLAssetLoaderServi - Loading from file system: jar:file:/C:/Users/1935687/.m2/repository/com/github/almasb/fxgl/11.17/fxgl-11.17.jar!/fxglassets/textures/particles/trace_horizontal.png
12:52:31.622 [FXGL Background Thread 1 ] DEBUG GameApplicationServi - Application scenes initialized
12:52:31.651 [FXGL Background Thread 1 ] DEBUG SystemBundleService  - Loading FXGL system data
12:52:31.658 [FXGL Background Thread 1 ] DEBUG FileSystemAccess     - Reading from: H:\datacom_project_2_fxgl\Multiplayer_Pong\src\main\java\com\mycompany\multiplayer_pong\system\fxgl.bundle
12:52:31.667 [FXGL Background Thread 1 ] DEBUG SystemBundleService  - Bundle FXGL: {}
12:52:31.667 [FXGL Background Thread 1 ] DEBUG UpdaterService       - Checking for updates
12:52:31.674 [FXGL Background Thread 4 ] DEBUG FXGLApplication      - Loading fonts
12:52:31.675 [FXGL Background Thread 1 ] DEBUG FXGLApplication      - Loading default localization
12:52:31.675 [FXGL Background Thread 4 ] WARN  FXGLAssetLoaderServi - Asset "/assets/ui/fonts/pong.ttf" was not found!
12:52:31.676 [FXGL Background Thread 4 ] WARN  FXGLAssetLoaderServi - Failed to load FONT
12:52:31.677 [FXGL Background Thread 1 ] DEBUG FXGLAssetLoaderServi - Loading from file system: jar:file:/C:/Users/1935687/.m2/repository/com/github/almasb/fxgl/11.17/fxgl-11.17.jar!/fxglassets/languages/english.lang
12:52:31.677 [FXGL Background Thread 4 ] DEBUG FXGLAssetLoaderServi - Loading from file system: jar:file:/C:/Users/1935687/.m2/repository/com/github/almasb/fxgl/11.17/fxgl-11.17.jar!/fxglassets/ui/fonts/Abel-Regular.ttf
12:52:31.725 [FXGL Background Thread 1 ] INFO  FXGLApplication      - FXGL initialization took: 0.813 sec
12:52:31.736 [JavaFX Application Thread] DEBUG Input                - Registered new binding: Up - W
12:52:31.736 [JavaFX Application Thread] DEBUG Input                - Registered new binding: Down - S
12:52:31.737 [JavaFX Application Thread] DEBUG FXGLAssetLoaderServi - Loading from file system: jar:file:/C:/Users/1935687/.m2/repository/com/github/almasb/fxgl/11.17/fxgl-11.17.jar!/fxglassets/textures/fxgl_icon.png
12:52:31.764 [JavaFX Application Thread] DEBUG FXGLAssetLoaderServi - Loading from file system: jar:file:/C:/Users/1935687/.m2/repository/com/github/almasb/fxgl/11.17/fxgl-11.17.jar!/fxglassets/textures/fxgl_default_cursor.png
12:52:31.768 [FXGL Background Thread 4 ] DEBUG FXGLAssetLoaderServi - Loading from file system: jar:file:/C:/Users/1935687/.m2/repository/com/github/almasb/fxgl/11.17/fxgl-11.17.jar!/fxglassets/ui/fonts/lucida_console.ttf
12:52:31.768 [JavaFX Application Thread] DEBUG Input                - Registered new binding: Screenshot - CTRL+8
12:52:31.769 [JavaFX Application Thread] DEBUG Input                - Registered new binding: System info dump - CTRL+9
12:52:31.770 [JavaFX Application Thread] DEBUG Input                - Registered new binding: Restart - CTRL+R
12:52:31.773 [JavaFX Application Thread] DEBUG Input                - Registered new binding: Toggle Debug Camera - CTRL+C
12:52:31.773 [FXGL Background Thread 4 ] DEBUG FXGLAssetLoaderServi - Loading from file system: jar:file:/C:/Users/1935687/.m2/repository/com/github/almasb/fxgl/11.17/fxgl-11.17.jar!/fxglassets/ui/fonts/Courier-Prime.ttf
12:52:31.777 [JavaFX Application Thread] DEBUG LoopRunner           - Starting loop
12:52:31.777 [JavaFX Application Thread] DEBUG LoopRunner           - Initializing JavaFX AnimationTimerLoop
12:52:31.781 [JavaFX Application Thread] DEBUG GameApplicationServi - Starting new game
12:52:31.782 [JavaFX Application Thread] DEBUG Input                - Clearing active input actions
12:52:31.800 [JavaFX Application Thread] DEBUG GameApplicationServi - Removing overlay from FXGLStartupScene and adding to FXGLLoadingScene
12:52:31.800 [JavaFX Application Thread] DEBUG PrimaryStageWindow   - FXGLStartupScene -> FXGLLoadingScene
12:52:31.800 [JavaFX Application Thread] DEBUG GameApplicationServi - Clearing previous game
12:52:31.800 [JavaFX Application Thread] DEBUG GameScene            - Clearing game scene
12:52:31.800 [JavaFX Application Thread] DEBUG GameWorld            - Clearing game world
12:52:31.800 [JavaFX Application Thread] DEBUG PhysicsWorld         - Clearing physics world
12:52:31.803 [FXGL Background Thread 4 ] DEBUG FXGLApplication      - Initializing game
12:52:31.803 [JavaFX Application Thread] DEBUG FXGLApplication      - Registering font factories with UI factory
12:52:31.867 [FXGL Background Thread 4 ] DEBUG FXGLAssetLoaderServi - Loading from file system: file:/H:/datacom_project_2_fxgl/Multiplayer_Pong/target/classes/assets/ui/main.fxml
12:52:32.008 [FXGL Background Thread 4 ] INFO  FXGLApplication      - Game initialization took: 0.205 sec
12:52:32.032 [JavaFX Application Thread] DEBUG Input                - Clearing active input actions
12:52:32.053 [JavaFX Application Thread] DEBUG GameApplicationServi - Removing overlay from FXGLLoadingScene and adding to GameScene
12:52:32.054 [JavaFX Application Thread] DEBUG PrimaryStageWindow   - FXGLLoadingScene -> GameScene
12:52:32.681 [JavaFX Application Thread] WARN  FXGLAssetLoaderServi - Asset "/assets/sounds/hit_bat.wav" was not found!
12:52:32.682 [JavaFX Application Thread] WARN  FXGLAssetLoaderServi - Failed to load SOUND
12:52:33.034 [JavaFX Application Thread] WARN  FXGLAssetLoaderServi - Asset "/assets/sounds/hit_wall.wav" was not found!
12:52:33.035 [JavaFX Application Thread] WARN  FXGLAssetLoaderServi - Failed to load SOUND
12:52:33.880 [JavaFX Application Thread] WARN  FXGLAssetLoaderServi - Asset "/assets/sounds/hit_bat.wav" was not found!
12:52:33.880 [JavaFX Application Thread] WARN  FXGLAssetLoaderServi - Failed to load SOUND
12:52:34.672 [FXGL Background Thread 3 ] DEBUG Engine               - Logging environment variables
12:52:34.673 [FXGL Background Thread 3 ] DEBUG Engine               - achievements: []
12:52:34.673 [FXGL Background Thread 3 ] DEBUG Engine               - actualHeight: 600.0
12:52:34.674 [FXGL Background Thread 3 ] DEBUG Engine               - actualHeightProperty: ReadOnlyDoubleProperty [value: 600.0]
12:52:34.674 [FXGL Background Thread 3 ] DEBUG Engine               - actualWidth: 800.0
12:52:34.674 [FXGL Background Thread 3 ] DEBUG Engine               - actualWidthProperty: ReadOnlyDoubleProperty [value: 800.0]
12:52:34.674 [FXGL Background Thread 3 ] DEBUG Engine               - appIcon: fxgl_icon.png
12:52:34.675 [FXGL Background Thread 3 ] DEBUG Engine               - applicationMode: DEVELOPER
12:52:34.675 [FXGL Background Thread 3 ] DEBUG Engine               - cSSList: [fxgl_dark.css]
12:52:34.675 [FXGL Background Thread 3 ] DEBUG Engine               - collisionDetectionStrategy: BRUTE_FORCE
12:52:34.675 [FXGL Background Thread 3 ] DEBUG Engine               - configClass: Optional.empty
12:52:34.676 [FXGL Background Thread 3 ] DEBUG Engine               - credits: []
12:52:34.676 [FXGL Background Thread 3 ] DEBUG Engine               - defaultCursor: CursorInfo(imageName=fxgl_default_cursor.png, hotspotX=7.0, hotspotY=6.0)
12:52:34.677 [FXGL Background Thread 3 ] DEBUG Engine               - devBBoxColorProperty: ObjectProperty [value: 0xff0000ff]
12:52:34.677 [FXGL Background Thread 3 ] DEBUG Engine               - devEnableDebugCameraProperty: BooleanProperty [value: false]
12:52:34.678 [FXGL Background Thread 3 ] DEBUG Engine               - devSensorColorProperty: ObjectProperty [value: 0xffff00ff]
12:52:34.678 [FXGL Background Thread 3 ] DEBUG Engine               - devShowBBoxProperty: BooleanProperty [value: false]
12:52:34.678 [FXGL Background Thread 3 ] DEBUG Engine               - devShowPositionProperty: BooleanProperty [value: false]
12:52:34.679 [FXGL Background Thread 3 ] DEBUG Engine               - enabledMenuItems: []
12:52:34.679 [FXGL Background Thread 3 ] DEBUG Engine               - engineServices: [class com.almasb.fxgl.app.services.FXGLAssetLoaderService, class com.almasb.fxgl.app.FXGLApplication$GameApplicationService, class com.almasb.fxgl.app.services.FXGLDialogService, class com.almasb.fxgl.app.services.IOTaskExecutorService, class com.almasb.fxgl.io.FileSystemService, class com.almasb.fxgl.localization.LocalizationService, class com.almasb.fxgl.app.services.SystemBundleService, class com.almasb.fxgl.profile.SaveLoadService, class com.almasb.fxgl.ui.FXGLUIFactoryServiceProvider, class com.almasb.fxgl.ui.FXGLDialogFactoryServiceProvider, class com.almasb.fxgl.audio.AudioPlayer, class com.almasb.fxgl.notification.impl.NotificationServiceProvider, class com.almasb.fxgl.achievement.AchievementService, class com.almasb.fxgl.cutscene.CutsceneService, class com.almasb.fxgl.minigames.MiniGameService, class com.almasb.fxgl.net.NetService, class com.almasb.fxgl.app.services.UpdaterService, class com.almasb.fxgl.dev.DevService]
12:52:34.680 [FXGL Background Thread 3 ] DEBUG Engine               - fontGame: Abel-Regular.ttf
12:52:34.680 [FXGL Background Thread 3 ] DEBUG Engine               - fontMono: lucida_console.ttf
12:52:34.680 [FXGL Background Thread 3 ] DEBUG Engine               - fontText: Courier-Prime.ttf
12:52:34.680 [FXGL Background Thread 3 ] DEBUG Engine               - fontUI: pong.ttf
12:52:34.680 [FXGL Background Thread 3 ] DEBUG Engine               - fullScreen: BooleanProperty [value: false]
12:52:34.681 [FXGL Background Thread 3 ] DEBUG Engine               - gameDifficulty: MEDIUM
12:52:34.681 [FXGL Background Thread 3 ] DEBUG Engine               - gameDifficultyProperty: ObjectProperty [value: MEDIUM]
12:52:34.681 [FXGL Background Thread 3 ] DEBUG Engine               - globalMusicVolume: 0.5
12:52:34.682 [FXGL Background Thread 3 ] DEBUG Engine               - globalMusicVolumeProperty: DoubleProperty [value: 0.5]
12:52:34.682 [FXGL Background Thread 3 ] DEBUG Engine               - globalSoundVolume: 0.5
12:52:34.682 [FXGL Background Thread 3 ] DEBUG Engine               - globalSoundVolumeProperty: DoubleProperty [value: 0.5]
12:52:34.683 [FXGL Background Thread 3 ] DEBUG Engine               - height: 600
12:52:34.683 [FXGL Background Thread 3 ] DEBUG Engine               - is3D: false
12:52:34.683 [FXGL Background Thread 3 ] DEBUG Engine               - isAndroid: false
12:52:34.683 [FXGL Background Thread 3 ] DEBUG Engine               - isBrowser: false
12:52:34.683 [FXGL Background Thread 3 ] DEBUG Engine               - isClickFeedbackEnabled: false
12:52:34.684 [FXGL Background Thread 3 ] DEBUG Engine               - isCloseConfirmation: false
12:52:34.684 [FXGL Background Thread 3 ] DEBUG Engine               - isDesktop: true
12:52:34.684 [FXGL Background Thread 3 ] DEBUG Engine               - isDeveloperMenuEnabled: false
12:52:34.684 [FXGL Background Thread 3 ] DEBUG Engine               - isEntityPreloadEnabled: true
12:52:34.685 [FXGL Background Thread 3 ] DEBUG Engine               - isExperimentalTiledLargeMap: false
12:52:34.685 [FXGL Background Thread 3 ] DEBUG Engine               - isFileSystemWriteAllowed: true
12:52:34.685 [FXGL Background Thread 3 ] DEBUG Engine               - isFullScreenAllowed: false
12:52:34.685 [FXGL Background Thread 3 ] DEBUG Engine               - isFullScreenFromStart: false
12:52:34.685 [FXGL Background Thread 3 ] DEBUG Engine               - isGameMenuEnabled: true
12:52:34.686 [FXGL Background Thread 3 ] DEBUG Engine               - isIOS: false
12:52:34.686 [FXGL Background Thread 3 ] DEBUG Engine               - isIntroEnabled: false
12:52:34.687 [FXGL Background Thread 3 ] DEBUG Engine               - isLinux: false
12:52:34.687 [FXGL Background Thread 3 ] DEBUG Engine               - isMac: false
12:52:34.687 [FXGL Background Thread 3 ] DEBUG Engine               - isMainMenuEnabled: false
12:52:34.687 [FXGL Background Thread 3 ] DEBUG Engine               - isManualResizeEnabled: false
12:52:34.688 [FXGL Background Thread 3 ] DEBUG Engine               - isMobile: false
12:52:34.688 [FXGL Background Thread 3 ] DEBUG Engine               - isNative: false
12:52:34.688 [FXGL Background Thread 3 ] DEBUG Engine               - isPauseMusicWhenMinimized: true
12:52:34.688 [FXGL Background Thread 3 ] DEBUG Engine               - isPreserveResizeRatio: false
12:52:34.688 [FXGL Background Thread 3 ] DEBUG Engine               - isProfilingEnabled: false
12:52:34.689 [FXGL Background Thread 3 ] DEBUG Engine               - isScaleAffectedOnResize: true
12:52:34.689 [FXGL Background Thread 3 ] DEBUG Engine               - isSingleStep: false
12:52:34.689 [FXGL Background Thread 3 ] DEBUG Engine               - isUserProfileEnabled: false
12:52:34.689 [FXGL Background Thread 3 ] DEBUG Engine               - isWindows: true
12:52:34.689 [FXGL Background Thread 3 ] DEBUG Engine               - language: ObjectProperty [value: ENGLISH]
12:52:34.690 [FXGL Background Thread 3 ] DEBUG Engine               - menuKey: ESCAPE
12:52:34.690 [FXGL Background Thread 3 ] DEBUG Engine               - mouseSensitivity: 0.2
12:52:34.691 [FXGL Background Thread 3 ] DEBUG Engine               - notificationViewClass: class com.almasb.fxgl.notification.view.XboxNotificationView
12:52:34.691 [FXGL Background Thread 3 ] DEBUG Engine               - pixelsPerMeter: 50.0
12:52:34.691 [FXGL Background Thread 3 ] DEBUG Engine               - platform: WINDOWS
12:52:34.691 [FXGL Background Thread 3 ] DEBUG Engine               - prefHeightProperty: ReadOnlyDoubleProperty [value: 600.0]
12:52:34.691 [FXGL Background Thread 3 ] DEBUG Engine               - prefWidthProperty: ReadOnlyDoubleProperty [value: 800.0]
12:52:34.692 [FXGL Background Thread 3 ] DEBUG Engine               - profileDir: profiles/
12:52:34.692 [FXGL Background Thread 3 ] DEBUG Engine               - profileName: StringProperty [value: DEFAULT]
12:52:34.692 [FXGL Background Thread 3 ] DEBUG Engine               - randomSeed: -1
12:52:34.692 [FXGL Background Thread 3 ] DEBUG Engine               - runtimeInfo: RuntimeInfo(platform=WINDOWS, version=11.17, build=16.07.2021 15.46)
12:52:34.692 [FXGL Background Thread 3 ] DEBUG Engine               - saveFileExt: sav
12:52:34.693 [FXGL Background Thread 3 ] DEBUG Engine               - scaledHeightProp$fxgl: DoubleProperty [bound, value: 600.0]
12:52:34.693 [FXGL Background Thread 3 ] DEBUG Engine               - scaledWidthProp$fxgl: DoubleProperty [bound, value: 800.0]
12:52:34.693 [FXGL Background Thread 3 ] DEBUG Engine               - sceneFactory: com.almasb.fxgl.app.scene.SceneFactory@2e7b6a8
12:52:34.693 [FXGL Background Thread 3 ] DEBUG Engine               - secondsIn24h: 60
12:52:34.694 [FXGL Background Thread 3 ] DEBUG Engine               - soundMenuBack: menu/back.wav
12:52:34.694 [FXGL Background Thread 3 ] DEBUG Engine               - soundMenuPress: menu/press.wav
12:52:34.694 [FXGL Background Thread 3 ] DEBUG Engine               - soundMenuSelect: menu/select.wav
12:52:34.695 [FXGL Background Thread 3 ] DEBUG Engine               - soundNotification: core/notification.wav
12:52:34.695 [FXGL Background Thread 3 ] DEBUG Engine               - stageStyle: DECORATED
12:52:34.695 [FXGL Background Thread 3 ] DEBUG Engine               - supportedLanguages: [ENGLISH, FRENCH, GERMAN, HUNGARIAN, RUSSIAN]
12:52:34.695 [FXGL Background Thread 3 ] DEBUG Engine               - ticksPerSecond: -1
12:52:34.696 [FXGL Background Thread 3 ] DEBUG Engine               - title: Pong
12:52:34.696 [FXGL Background Thread 3 ] DEBUG Engine               - urlGithub: https://github.com/AlmasB/FXGL
12:52:34.696 [FXGL Background Thread 3 ] DEBUG Engine               - urlLeaderboard: http://fxgl-top.herokuapp.com/
12:52:34.696 [FXGL Background Thread 3 ] DEBUG Engine               - urlPOM: https://raw.githubusercontent.com/AlmasB/FXGL/release/README.md
12:52:34.696 [FXGL Background Thread 3 ] DEBUG Engine               - userAppClass: class com.mycompany.multiplayer_pong.MultiplayerPongApp
12:52:34.697 [FXGL Background Thread 3 ] DEBUG Engine               - version: 1.0
12:52:34.697 [FXGL Background Thread 3 ] DEBUG Engine               - versionCheckDays: 7
12:52:34.697 [FXGL Background Thread 3 ] DEBUG Engine               - width: 800
12:52:34.697 [FXGL Background Thread 3 ] DEBUG Engine               - Logging services
12:52:34.698 [FXGL Background Thread 3 ] DEBUG Engine               - class com.almasb.fxgl.app.services.FXGLAssetLoaderService
12:52:34.698 [FXGL Background Thread 3 ] DEBUG Engine               - class com.almasb.fxgl.app.FXGLApplication$GameApplicationService
12:52:34.698 [FXGL Background Thread 3 ] DEBUG Engine               - class com.almasb.fxgl.app.services.FXGLDialogService
12:52:34.698 [FXGL Background Thread 3 ] DEBUG Engine               - class com.almasb.fxgl.app.services.IOTaskExecutorService
12:52:34.698 [FXGL Background Thread 3 ] DEBUG Engine               - class com.almasb.fxgl.io.FileSystemService
12:52:34.698 [FXGL Background Thread 3 ] DEBUG Engine               - class com.almasb.fxgl.localization.LocalizationService
12:52:34.699 [FXGL Background Thread 3 ] DEBUG Engine               - class com.almasb.fxgl.app.services.SystemBundleService
12:52:34.699 [FXGL Background Thread 3 ] DEBUG Engine               - class com.almasb.fxgl.profile.SaveLoadService
12:52:34.699 [FXGL Background Thread 3 ] DEBUG Engine               - class com.almasb.fxgl.ui.FXGLUIFactoryServiceProvider
12:52:34.699 [FXGL Background Thread 3 ] DEBUG Engine               - class com.almasb.fxgl.ui.FXGLDialogFactoryServiceProvider
12:52:34.699 [FXGL Background Thread 3 ] DEBUG Engine               - class com.almasb.fxgl.audio.AudioPlayer
12:52:34.699 [FXGL Background Thread 3 ] DEBUG Engine               - class com.almasb.fxgl.notification.impl.NotificationServiceProvider
12:52:34.699 [FXGL Background Thread 3 ] DEBUG Engine               - class com.almasb.fxgl.achievement.AchievementService
12:52:34.699 [FXGL Background Thread 3 ] DEBUG Engine               - class com.almasb.fxgl.cutscene.CutsceneService
12:52:34.700 [FXGL Background Thread 3 ] DEBUG Engine               - class com.almasb.fxgl.minigames.MiniGameService
12:52:34.700 [FXGL Background Thread 3 ] DEBUG Engine               - class com.almasb.fxgl.net.NetService
12:52:34.700 [FXGL Background Thread 3 ] DEBUG Engine               - class com.almasb.fxgl.app.services.UpdaterService
12:52:34.700 [FXGL Background Thread 3 ] DEBUG Engine               - class com.almasb.fxgl.dev.DevService
12:52:34.823 [JavaFX Application Thread] WARN  FXGLAssetLoaderServi - Asset "/assets/sounds/hit_wall.wav" was not found!
12:52:34.824 [JavaFX Application Thread] WARN  FXGLAssetLoaderServi - Failed to load SOUND
12:52:34.871 [JavaFX Application Thread] WARN  FXGLAssetLoaderServi - Asset "/assets/sounds/hit_bat.wav" was not found!
12:52:34.871 [JavaFX Application Thread] WARN  FXGLAssetLoaderServi - Failed to load SOUND
12:52:36.647 [JavaFX Application Thread] WARN  FXGLAssetLoaderServi - Asset "/assets/sounds/hit_wall.wav" was not found!
12:52:36.648 [JavaFX Application Thread] WARN  FXGLAssetLoaderServi - Failed to load SOUND
12:52:36.824 [JavaFX Application Thread] WARN  FXGLAssetLoaderServi - Asset "/assets/sounds/hit_wall.wav" was not found!
12:52:36.824 [JavaFX Application Thread] WARN  FXGLAssetLoaderServi - Failed to load SOUND
12:52:38.536 [JavaFX Application Thread] WARN  FXGLAssetLoaderServi - Asset "/assets/sounds/hit_bat.wav" was not found!
12:52:38.536 [JavaFX Application Thread] WARN  FXGLAssetLoaderServi - Failed to load SOUND
12:52:39.656 [JavaFX Application Thread] WARN  FXGLAssetLoaderServi - Asset "/assets/sounds/hit_wall.wav" was not found!
12:52:39.656 [JavaFX Application Thread] WARN  FXGLAssetLoaderServi - Failed to load SOUND
12:52:40.439 [JavaFX Application Thread] WARN  FXGLAssetLoaderServi - Asset "/assets/sounds/hit_wall.wav" was not found!
12:52:40.441 [JavaFX Application Thread] WARN  FXGLAssetLoaderServi - Failed to load SOUND
12:52:42.247 [JavaFX Application Thread] WARN  FXGLAssetLoaderServi - Asset "/assets/sounds/hit_wall.wav" was not found!
12:52:42.247 [JavaFX Application Thread] WARN  FXGLAssetLoaderServi - Failed to load SOUND
12:52:42.343 [JavaFX Application Thread] WARN  FXGLAssetLoaderServi - Asset "/assets/sounds/hit_bat.wav" was not found!
12:52:42.344 [JavaFX Application Thread] WARN  FXGLAssetLoaderServi - Failed to load SOUND
12:52:44.087 [JavaFX Application Thread] WARN  FXGLAssetLoaderServi - Asset "/assets/sounds/hit_wall.wav" was not found!
12:52:44.087 [JavaFX Application Thread] WARN  FXGLAssetLoaderServi - Failed to load SOUND
12:52:44.247 [JavaFX Application Thread] WARN  FXGLAssetLoaderServi - Asset "/assets/sounds/hit_wall.wav" was not found!
12:52:44.248 [JavaFX Application Thread] WARN  FXGLAssetLoaderServi - Failed to load SOUND
12:52:44.872 [JavaFX Application Thread] WARN  FXGLAssetLoaderServi - Asset "/assets/sounds/hit_bat.wav" was not found!
12:52:44.872 [JavaFX Application Thread] WARN  FXGLAssetLoaderServi - Failed to load SOUND
12:52:45.464 [JavaFX Application Thread] WARN  FXGLAssetLoaderServi - Asset "/assets/sounds/hit_wall.wav" was not found!
12:52:45.465 [JavaFX Application Thread] WARN  FXGLAssetLoaderServi - Failed to load SOUND
12:52:46.039 [JavaFX Application Thread] WARN  FXGLAssetLoaderServi - Asset "/assets/sounds/hit_bat.wav" was not found!
12:52:46.039 [JavaFX Application Thread] WARN  FXGLAssetLoaderServi - Failed to load SOUND
12:52:46.631 [JavaFX Application Thread] WARN  FXGLAssetLoaderServi - Asset "/assets/sounds/hit_wall.wav" was not found!
12:52:46.632 [JavaFX Application Thread] WARN  FXGLAssetLoaderServi - Failed to load SOUND
12:52:47.192 [JavaFX Application Thread] WARN  FXGLAssetLoaderServi - Asset "/assets/sounds/hit_bat.wav" was not found!
12:52:47.192 [JavaFX Application Thread] WARN  FXGLAssetLoaderServi - Failed to load SOUND
12:52:47.304 [JavaFX Application Thread] WARN  FXGLAssetLoaderServi - Asset "/assets/sounds/hit_wall.wav" was not found!
12:52:47.304 [JavaFX Application Thread] WARN  FXGLAssetLoaderServi - Failed to load SOUND
12:52:47.831 [JavaFX Application Thread] WARN  FXGLAssetLoaderServi - Asset "/assets/sounds/hit_wall.wav" was not found!
12:52:47.831 [JavaFX Application Thread] WARN  FXGLAssetLoaderServi - Failed to load SOUND
12:52:48.455 [JavaFX Application Thread] WARN  FXGLAssetLoaderServi - Asset "/assets/sounds/hit_bat.wav" was not found!
12:52:48.455 [JavaFX Application Thread] WARN  FXGLAssetLoaderServi - Failed to load SOUND
12:52:49.096 [JavaFX Application Thread] WARN  FXGLAssetLoaderServi - Asset "/assets/sounds/hit_wall.wav" was not found!
12:52:49.096 [JavaFX Application Thread] WARN  FXGLAssetLoaderServi - Failed to load SOUND
12:52:50.985 [JavaFX Application Thread] WARN  FXGLAssetLoaderServi - Asset "/assets/sounds/hit_bat.wav" was not found!
12:52:50.985 [JavaFX Application Thread] WARN  FXGLAssetLoaderServi - Failed to load SOUND
12:52:52.151 [JavaFX Application Thread] WARN  FXGLAssetLoaderServi - Asset "/assets/sounds/hit_bat.wav" was not found!
12:52:52.152 [JavaFX Application Thread] WARN  FXGLAssetLoaderServi - Failed to load SOUND
12:52:53.317 [JavaFX Application Thread] WARN  FXGLAssetLoaderServi - Asset "/assets/sounds/hit_bat.wav" was not found!
12:52:53.317 [JavaFX Application Thread] WARN  FXGLAssetLoaderServi - Failed to load SOUND
12:52:55.225 [JavaFX Application Thread] WARN  FXGLAssetLoaderServi - Asset "/assets/sounds/hit_wall.wav" was not found!
12:52:55.226 [JavaFX Application Thread] WARN  FXGLAssetLoaderServi - Failed to load SOUND
12:52:55.431 [JavaFX Application Thread] WARN  FXGLAssetLoaderServi - Asset "/assets/sounds/hit_wall.wav" was not found!
12:52:55.432 [JavaFX Application Thread] WARN  FXGLAssetLoaderServi - Failed to load SOUND
12:52:55.864 [JavaFX Application Thread] WARN  FXGLAssetLoaderServi - Asset "/assets/sounds/hit_bat.wav" was not found!
12:52:55.864 [JavaFX Application Thread] WARN  FXGLAssetLoaderServi - Failed to load SOUND
12:52:56.487 [JavaFX Application Thread] WARN  FXGLAssetLoaderServi - Asset "/assets/sounds/hit_wall.wav" was not found!
12:52:56.488 [JavaFX Application Thread] WARN  FXGLAssetLoaderServi - Failed to load SOUND
12:52:57.131 [JavaFX Application Thread] WARN  FXGLAssetLoaderServi - Asset "/assets/sounds/hit_bat.wav" was not found!
12:52:57.131 [JavaFX Application Thread] WARN  FXGLAssetLoaderServi - Failed to load SOUND
12:52:57.751 [JavaFX Application Thread] WARN  FXGLAssetLoaderServi - Asset "/assets/sounds/hit_wall.wav" was not found!
12:52:57.751 [JavaFX Application Thread] WARN  FXGLAssetLoaderServi - Failed to load SOUND
12:52:58.392 [JavaFX Application Thread] WARN  FXGLAssetLoaderServi - Asset "/assets/sounds/hit_bat.wav" was not found!
12:52:58.392 [JavaFX Application Thread] WARN  FXGLAssetLoaderServi - Failed to load SOUND
12:52:59.037 [JavaFX Application Thread] DEBUG PrimaryStageWindow   - Push state: DialogSubScene
12:52:59.037 [JavaFX Application Thread] DEBUG Input                - Clearing active input actions
12:52:59.039 [JavaFX Application Thread] DEBUG GameApplicationServi - Removing overlay from GameScene and adding to DialogSubScene
12:52:59.040 [JavaFX Application Thread] DEBUG PrimaryStageWindow   - GameScene -> DialogSubScene
12:52:59.042 [JavaFX Application Thread] WARN  FXGLAssetLoaderServi - Asset "/assets/sounds/hit_wall.wav" was not found!
12:52:59.042 [JavaFX Application Thread] WARN  FXGLAssetLoaderServi - Failed to load SOUND
12:53:05.259 [JavaFX Application Thread] DEBUG PrimaryStageWindow   - Pop state: DialogSubScene
12:53:05.259 [JavaFX Application Thread] DEBUG Input                - Clearing active input actions
12:53:05.261 [JavaFX Application Thread] DEBUG GameApplicationServi - Removing overlay from DialogSubScene and adding to GameScene
12:53:05.261 [JavaFX Application Thread] DEBUG PrimaryStageWindow   - GameScene <- DialogSubScene
12:53:05.261 [JavaFX Application Thread] DEBUG FXGLApplication      - Exiting FXGL
12:53:05.261 [JavaFX Application Thread] DEBUG LoopRunner           - Stopping loop
12:53:05.261 [JavaFX Application Thread] DEBUG SystemBundleService  - Saving FXGL system data
12:53:05.268 [JavaFX Application Thread] DEBUG FileSystemAccess     - Writing to: H:\datacom_project_2_fxgl\Multiplayer_Pong\src\main\java\com\mycompany\multiplayer_pong\system\fxgl.bundle
12:53:05.277 [JavaFX Application Thread] DEBUG Async                - Shutting down background threads
12:53:05.277 [JavaFX Application Thread] DEBUG PrimaryStageWindow   - Closing main window
12:53:05.292 [JavaFX Application Thread] DEBUG Logger               - Closing Logger
